{"C:\\Users\\devth\\OneDrive\\Desktop\\mango\\mge-v2-2025\\mongorest\\src\\core\\adapters\\base\\adapterRegister.ts": {"path":"C:\\Users\\devth\\OneDrive\\Desktop\\mango\\mge-v2-2025\\mongorest\\src\\core\\adapters\\base\\adapterRegister.ts","statementMap":{"0":{"start":{"line":4,"column":0},"end":{"line":4,"column":59}},"1":{"start":{"line":5,"column":0},"end":{"line":5,"column":53}},"2":{"start":{"line":6,"column":0},"end":{"line":6,"column":68}},"3":{"start":{"line":7,"column":0},"end":{"line":7,"column":77}},"4":{"start":{"line":16,"column":10},"end":{"line":16,"column":56}},"5":{"start":{"line":17,"column":10},"end":{"line":17,"column":54}},"6":{"start":{"line":25,"column":4},"end":{"line":27,"column":5}},"7":{"start":{"line":26,"column":6},"end":{"line":26,"column":55}},"8":{"start":{"line":28,"column":4},"end":{"line":28,"column":36}},"9":{"start":{"line":35,"column":16},"end":{"line":35,"column":68}},"10":{"start":{"line":37,"column":4},"end":{"line":40,"column":5}},"11":{"start":{"line":38,"column":6},"end":{"line":38,"column":72}},"12":{"start":{"line":39,"column":6},"end":{"line":39,"column":13}},"13":{"start":{"line":42,"column":4},"end":{"line":42,"column":36}},"14":{"start":{"line":45,"column":25},"end":{"line":45,"column":61}},"15":{"start":{"line":46,"column":4},"end":{"line":46,"column":27}},"16":{"start":{"line":47,"column":4},"end":{"line":47,"column":49}},"17":{"start":{"line":54,"column":16},"end":{"line":54,"column":93}},"18":{"start":{"line":56,"column":4},"end":{"line":58,"column":5}},"19":{"start":{"line":57,"column":6},"end":{"line":57,"column":19}},"20":{"start":{"line":60,"column":20},"end":{"line":60,"column":43}},"21":{"start":{"line":61,"column":4},"end":{"line":61,"column":30}},"22":{"start":{"line":64,"column":25},"end":{"line":64,"column":61}},"23":{"start":{"line":65,"column":18},"end":{"line":65,"column":43}},"24":{"start":{"line":66,"column":4},"end":{"line":73,"column":5}},"25":{"start":{"line":67,"column":6},"end":{"line":67,"column":36}},"26":{"start":{"line":68,"column":6},"end":{"line":72,"column":7}},"27":{"start":{"line":69,"column":8},"end":{"line":69,"column":42}},"28":{"start":{"line":71,"column":8},"end":{"line":71,"column":53}},"29":{"start":{"line":75,"column":4},"end":{"line":75,"column":16}},"30":{"start":{"line":82,"column":16},"end":{"line":82,"column":93}},"31":{"start":{"line":83,"column":4},"end":{"line":83,"column":55}},"32":{"start":{"line":90,"column":21},"end":{"line":90,"column":49}},"33":{"start":{"line":92,"column":4},"end":{"line":94,"column":5}},"34":{"start":{"line":93,"column":6},"end":{"line":93,"column":18}},"35":{"start":{"line":97,"column":4},"end":{"line":102,"column":5}},"36":{"start":{"line":98,"column":24},"end":{"line":98,"column":81}},"37":{"start":{"line":98,"column":45},"end":{"line":98,"column":80}},"38":{"start":{"line":99,"column":6},"end":{"line":101,"column":7}},"39":{"start":{"line":100,"column":8},"end":{"line":100,"column":52}},"40":{"start":{"line":105,"column":22},"end":{"line":105,"column":57}},"41":{"start":{"line":106,"column":4},"end":{"line":106,"column":67}},"42":{"start":{"line":113,"column":4},"end":{"line":119,"column":8}},"43":{"start":{"line":113,"column":72},"end":{"line":119,"column":6}},"44":{"start":{"line":126,"column":21},"end":{"line":126,"column":49}},"45":{"start":{"line":127,"column":4},"end":{"line":136,"column":7}},"46":{"start":{"line":128,"column":22},"end":{"line":128,"column":45}},"47":{"start":{"line":129,"column":6},"end":{"line":135,"column":8}},"48":{"start":{"line":143,"column":16},"end":{"line":143,"column":93}},"49":{"start":{"line":144,"column":4},"end":{"line":144,"column":48}},"50":{"start":{"line":151,"column":4},"end":{"line":151,"column":34}},"51":{"start":{"line":158,"column":4},"end":{"line":158,"column":43}},"52":{"start":{"line":165,"column":4},"end":{"line":165,"column":26}},"53":{"start":{"line":166,"column":4},"end":{"line":166,"column":25}},"54":{"start":{"line":172,"column":4},"end":{"line":199,"column":null}},"55":{"start":{"line":173,"column":6},"end":{"line":198,"column":7}},"56":{"start":{"line":175,"column":31},"end":{"line":175,"column":71}},"57":{"start":{"line":176,"column":10},"end":{"line":176,"column":null}},"58":{"start":{"line":177,"column":10},"end":{"line":177,"column":null}},"59":{"start":{"line":178,"column":10},"end":{"line":178,"column":null}},"60":{"start":{"line":179,"column":10},"end":{"line":179,"column":15}},"61":{"start":{"line":181,"column":31},"end":{"line":181,"column":49}},"62":{"start":{"line":182,"column":10},"end":{"line":182,"column":null}},"63":{"start":{"line":183,"column":10},"end":{"line":183,"column":null}},"64":{"start":{"line":184,"column":10},"end":{"line":184,"column":null}},"65":{"start":{"line":185,"column":10},"end":{"line":185,"column":15}},"66":{"start":{"line":187,"column":34},"end":{"line":187,"column":57}},"67":{"start":{"line":188,"column":10},"end":{"line":188,"column":null}},"68":{"start":{"line":189,"column":10},"end":{"line":189,"column":null}},"69":{"start":{"line":190,"column":10},"end":{"line":190,"column":null}},"70":{"start":{"line":191,"column":10},"end":{"line":191,"column":15}},"71":{"start":{"line":193,"column":39},"end":{"line":193,"column":65}},"72":{"start":{"line":194,"column":10},"end":{"line":194,"column":null}},"73":{"start":{"line":195,"column":10},"end":{"line":195,"column":null}},"74":{"start":{"line":196,"column":10},"end":{"line":196,"column":null}},"75":{"start":{"line":197,"column":10},"end":{"line":197,"column":15}},"76":{"start":{"line":203,"column":21},"end":{"line":204,"column":null}},"77":{"start":{"line":204,"column":6},"end":{"line":204,"column":23}},"78":{"start":{"line":206,"column":4},"end":{"line":206,"column":32}},"79":{"start":{"line":210,"column":4},"end":{"line":210,"column":32}},"80":{"start":{"line":214,"column":17},"end":{"line":215,"column":null}},"81":{"start":{"line":215,"column":6},"end":{"line":215,"column":32}},"82":{"start":{"line":218,"column":4},"end":{"line":220,"column":5}},"83":{"start":{"line":219,"column":6},"end":{"line":219,"column":18}},"84":{"start":{"line":223,"column":4},"end":{"line":227,"column":10}},"85":{"start":{"line":224,"column":23},"end":{"line":224,"column":38}},"86":{"start":{"line":225,"column":23},"end":{"line":225,"column":38}},"87":{"start":{"line":226,"column":6},"end":{"line":226,"column":54}},"88":{"start":{"line":231,"column":21},"end":{"line":231,"column":49}},"89":{"start":{"line":233,"column":4},"end":{"line":235,"column":5}},"90":{"start":{"line":234,"column":6},"end":{"line":234,"column":18}},"91":{"start":{"line":238,"column":4},"end":{"line":242,"column":10}},"92":{"start":{"line":239,"column":23},"end":{"line":239,"column":38}},"93":{"start":{"line":240,"column":23},"end":{"line":240,"column":38}},"94":{"start":{"line":241,"column":6},"end":{"line":241,"column":54}},"95":{"start":{"line":246,"column":19},"end":{"line":246,"column":43}},"96":{"start":{"line":247,"column":19},"end":{"line":247,"column":43}},"97":{"start":{"line":249,"column":4},"end":{"line":255,"column":5}},"98":{"start":{"line":249,"column":17},"end":{"line":249,"column":18}},"99":{"start":{"line":250,"column":20},"end":{"line":250,"column":34}},"100":{"start":{"line":251,"column":20},"end":{"line":251,"column":34}},"101":{"start":{"line":253,"column":6},"end":{"line":253,"column":34}},"102":{"start":{"line":253,"column":25},"end":{"line":253,"column":34}},"103":{"start":{"line":254,"column":6},"end":{"line":254,"column":35}},"104":{"start":{"line":254,"column":25},"end":{"line":254,"column":35}},"105":{"start":{"line":257,"column":4},"end":{"line":257,"column":13}},"106":{"start":{"line":14,"column":0},"end":{"line":14,"column":13}},"107":{"start":{"line":262,"column":13},"end":{"line":262,"column":61}}},"fnMap":{"0":{"name":"(anonymous_0)","decl":{"start":{"line":19,"column":2},"end":{"line":19,"column":25}},"loc":{"start":{"line":19,"column":2},"end":{"line":19,"column":26}}},"1":{"name":"(anonymous_1)","decl":{"start":{"line":24,"column":2},"end":{"line":24,"column":8}},"loc":{"start":{"line":24,"column":20},"end":{"line":29,"column":3}}},"2":{"name":"(anonymous_2)","decl":{"start":{"line":34,"column":2},"end":{"line":34,"column":10}},"loc":{"start":{"line":34,"column":35},"end":{"line":48,"column":3}}},"3":{"name":"(anonymous_3)","decl":{"start":{"line":53,"column":2},"end":{"line":53,"column":12}},"loc":{"start":{"line":53,"column":43},"end":{"line":76,"column":3}}},"4":{"name":"(anonymous_4)","decl":{"start":{"line":81,"column":2},"end":{"line":81,"column":12}},"loc":{"start":{"line":81,"column":43},"end":{"line":84,"column":3}}},"5":{"name":"(anonymous_5)","decl":{"start":{"line":89,"column":2},"end":{"line":89,"column":18}},"loc":{"start":{"line":89,"column":61},"end":{"line":107,"column":3}}},"6":{"name":"(anonymous_6)","decl":{"start":{"line":98,"column":38},"end":{"line":98,"column":41}},"loc":{"start":{"line":98,"column":45},"end":{"line":98,"column":80}}},"7":{"name":"(anonymous_7)","decl":{"start":{"line":112,"column":2},"end":{"line":112,"column":14}},"loc":{"start":{"line":112,"column":14},"end":{"line":120,"column":3}}},"8":{"name":"(anonymous_8)","decl":{"start":{"line":113,"column":51},"end":{"line":113,"column":52}},"loc":{"start":{"line":113,"column":72},"end":{"line":119,"column":6}}},"9":{"name":"(anonymous_9)","decl":{"start":{"line":125,"column":2},"end":{"line":125,"column":20}},"loc":{"start":{"line":125,"column":39},"end":{"line":137,"column":3}}},"10":{"name":"(anonymous_10)","decl":{"start":{"line":127,"column":24},"end":{"line":127,"column":27}},"loc":{"start":{"line":127,"column":30},"end":{"line":136,"column":5}}},"11":{"name":"(anonymous_11)","decl":{"start":{"line":142,"column":2},"end":{"line":142,"column":12}},"loc":{"start":{"line":142,"column":43},"end":{"line":145,"column":3}}},"12":{"name":"(anonymous_12)","decl":{"start":{"line":150,"column":2},"end":{"line":150,"column":14}},"loc":{"start":{"line":150,"column":33},"end":{"line":152,"column":3}}},"13":{"name":"(anonymous_13)","decl":{"start":{"line":157,"column":2},"end":{"line":157,"column":19}},"loc":{"start":{"line":157,"column":19},"end":{"line":159,"column":3}}},"14":{"name":"(anonymous_14)","decl":{"start":{"line":164,"column":2},"end":{"line":164,"column":7}},"loc":{"start":{"line":164,"column":7},"end":{"line":167,"column":3}}},"15":{"name":"(anonymous_15)","decl":{"start":{"line":171,"column":2},"end":{"line":171,"column":7}},"loc":{"start":{"line":171,"column":95},"end":{"line":200,"column":3}}},"16":{"name":"(anonymous_16)","decl":{"start":{"line":172,"column":36},"end":{"line":172,"column":37}},"loc":{"start":{"line":172,"column":51},"end":{"line":199,"column":5}}},"17":{"name":"(anonymous_17)","decl":{"start":{"line":202,"column":2},"end":{"line":202,"column":7}},"loc":{"start":{"line":202,"column":18},"end":{"line":207,"column":3}}},"18":{"name":"(anonymous_18)","decl":{"start":{"line":203,"column":60},"end":{"line":203,"column":67}},"loc":{"start":{"line":204,"column":6},"end":{"line":204,"column":23}}},"19":{"name":"(anonymous_19)","decl":{"start":{"line":209,"column":10},"end":{"line":209,"column":26}},"loc":{"start":{"line":209,"column":56},"end":{"line":211,"column":3}}},"20":{"name":"(anonymous_20)","decl":{"start":{"line":213,"column":10},"end":{"line":213,"column":27}},"loc":{"start":{"line":213,"column":40},"end":{"line":228,"column":3}}},"21":{"name":"(anonymous_21)","decl":{"start":{"line":214,"column":57},"end":{"line":214,"column":60}},"loc":{"start":{"line":215,"column":6},"end":{"line":215,"column":32}}},"22":{"name":"(anonymous_22)","decl":{"start":{"line":223,"column":21},"end":{"line":223,"column":22}},"loc":{"start":{"line":223,"column":30},"end":{"line":227,"column":5}}},"23":{"name":"(anonymous_23)","decl":{"start":{"line":230,"column":10},"end":{"line":230,"column":34}},"loc":{"start":{"line":230,"column":53},"end":{"line":243,"column":3}}},"24":{"name":"(anonymous_24)","decl":{"start":{"line":238,"column":25},"end":{"line":238,"column":26}},"loc":{"start":{"line":238,"column":34},"end":{"line":242,"column":5}}},"25":{"name":"(anonymous_25)","decl":{"start":{"line":245,"column":10},"end":{"line":245,"column":25}},"loc":{"start":{"line":245,"column":46},"end":{"line":258,"column":3}}}},"branchMap":{"0":{"loc":{"start":{"line":25,"column":4},"end":{"line":27,"column":5}},"type":"if","locations":[{"start":{"line":25,"column":4},"end":{"line":27,"column":5}}]},"1":{"loc":{"start":{"line":37,"column":4},"end":{"line":40,"column":5}},"type":"if","locations":[{"start":{"line":37,"column":4},"end":{"line":40,"column":5}}]},"2":{"loc":{"start":{"line":45,"column":25},"end":{"line":45,"column":61}},"type":"binary-expr","locations":[{"start":{"line":45,"column":25},"end":{"line":45,"column":55}},{"start":{"line":45,"column":59},"end":{"line":45,"column":61}}]},"3":{"loc":{"start":{"line":54,"column":16},"end":{"line":54,"column":93}},"type":"cond-expr","locations":[{"start":{"line":54,"column":26},"end":{"line":54,"column":62}},{"start":{"line":54,"column":65},"end":{"line":54,"column":93}}]},"4":{"loc":{"start":{"line":56,"column":4},"end":{"line":58,"column":5}},"type":"if","locations":[{"start":{"line":56,"column":4},"end":{"line":58,"column":5}}]},"5":{"loc":{"start":{"line":56,"column":8},"end":{"line":56,"column":39}},"type":"binary-expr","locations":[{"start":{"line":56,"column":8},"end":{"line":56,"column":12}},{"start":{"line":56,"column":16},"end":{"line":56,"column":39}}]},"6":{"loc":{"start":{"line":64,"column":25},"end":{"line":64,"column":61}},"type":"binary-expr","locations":[{"start":{"line":64,"column":25},"end":{"line":64,"column":55}},{"start":{"line":64,"column":59},"end":{"line":64,"column":61}}]},"7":{"loc":{"start":{"line":66,"column":4},"end":{"line":73,"column":5}},"type":"if","locations":[{"start":{"line":66,"column":4},"end":{"line":73,"column":5}}]},"8":{"loc":{"start":{"line":68,"column":6},"end":{"line":72,"column":7}},"type":"if","locations":[{"start":{"line":68,"column":6},"end":{"line":72,"column":7}},{"start":{"line":70,"column":13},"end":{"line":72,"column":7}}]},"9":{"loc":{"start":{"line":82,"column":16},"end":{"line":82,"column":93}},"type":"cond-expr","locations":[{"start":{"line":82,"column":26},"end":{"line":82,"column":62}},{"start":{"line":82,"column":65},"end":{"line":82,"column":93}}]},"10":{"loc":{"start":{"line":83,"column":11},"end":{"line":83,"column":54}},"type":"cond-expr","locations":[{"start":{"line":83,"column":17},"end":{"line":83,"column":47}},{"start":{"line":83,"column":50},"end":{"line":83,"column":54}}]},"11":{"loc":{"start":{"line":83,"column":17},"end":{"line":83,"column":47}},"type":"binary-expr","locations":[{"start":{"line":83,"column":17},"end":{"line":83,"column":39}},{"start":{"line":83,"column":43},"end":{"line":83,"column":47}}]},"12":{"loc":{"start":{"line":90,"column":21},"end":{"line":90,"column":49}},"type":"binary-expr","locations":[{"start":{"line":90,"column":21},"end":{"line":90,"column":43}},{"start":{"line":90,"column":47},"end":{"line":90,"column":49}}]},"13":{"loc":{"start":{"line":92,"column":4},"end":{"line":94,"column":5}},"type":"if","locations":[{"start":{"line":92,"column":4},"end":{"line":94,"column":5}}]},"14":{"loc":{"start":{"line":97,"column":4},"end":{"line":102,"column":5}},"type":"if","locations":[{"start":{"line":97,"column":4},"end":{"line":102,"column":5}}]},"15":{"loc":{"start":{"line":99,"column":6},"end":{"line":101,"column":7}},"type":"if","locations":[{"start":{"line":99,"column":6},"end":{"line":101,"column":7}}]},"16":{"loc":{"start":{"line":100,"column":15},"end":{"line":100,"column":51}},"type":"binary-expr","locations":[{"start":{"line":100,"column":15},"end":{"line":100,"column":43}},{"start":{"line":100,"column":47},"end":{"line":100,"column":51}}]},"17":{"loc":{"start":{"line":106,"column":11},"end":{"line":106,"column":66}},"type":"cond-expr","locations":[{"start":{"line":106,"column":23},"end":{"line":106,"column":59}},{"start":{"line":106,"column":62},"end":{"line":106,"column":66}}]},"18":{"loc":{"start":{"line":106,"column":23},"end":{"line":106,"column":59}},"type":"binary-expr","locations":[{"start":{"line":106,"column":23},"end":{"line":106,"column":51}},{"start":{"line":106,"column":55},"end":{"line":106,"column":59}}]},"19":{"loc":{"start":{"line":126,"column":21},"end":{"line":126,"column":49}},"type":"binary-expr","locations":[{"start":{"line":126,"column":21},"end":{"line":126,"column":43}},{"start":{"line":126,"column":47},"end":{"line":126,"column":49}}]},"20":{"loc":{"start":{"line":143,"column":16},"end":{"line":143,"column":93}},"type":"cond-expr","locations":[{"start":{"line":143,"column":26},"end":{"line":143,"column":62}},{"start":{"line":143,"column":65},"end":{"line":143,"column":93}}]},"21":{"loc":{"start":{"line":144,"column":11},"end":{"line":144,"column":47}},"type":"cond-expr","locations":[{"start":{"line":144,"column":17},"end":{"line":144,"column":39}},{"start":{"line":144,"column":42},"end":{"line":144,"column":47}}]},"22":{"loc":{"start":{"line":173,"column":6},"end":{"line":198,"column":7}},"type":"switch","locations":[{"start":{"line":174,"column":8},"end":{"line":179,"column":15}},{"start":{"line":180,"column":8},"end":{"line":185,"column":15}},{"start":{"line":186,"column":8},"end":{"line":191,"column":15}},{"start":{"line":192,"column":8},"end":{"line":197,"column":15}}]},"23":{"loc":{"start":{"line":218,"column":4},"end":{"line":220,"column":5}},"type":"if","locations":[{"start":{"line":218,"column":4},"end":{"line":220,"column":5}}]},"24":{"loc":{"start":{"line":231,"column":21},"end":{"line":231,"column":49}},"type":"binary-expr","locations":[{"start":{"line":231,"column":21},"end":{"line":231,"column":43}},{"start":{"line":231,"column":47},"end":{"line":231,"column":49}}]},"25":{"loc":{"start":{"line":233,"column":4},"end":{"line":235,"column":5}},"type":"if","locations":[{"start":{"line":233,"column":4},"end":{"line":235,"column":5}}]},"26":{"loc":{"start":{"line":250,"column":20},"end":{"line":250,"column":34}},"type":"binary-expr","locations":[{"start":{"line":250,"column":20},"end":{"line":250,"column":29}},{"start":{"line":250,"column":33},"end":{"line":250,"column":34}}]},"27":{"loc":{"start":{"line":251,"column":20},"end":{"line":251,"column":34}},"type":"binary-expr","locations":[{"start":{"line":251,"column":20},"end":{"line":251,"column":29}},{"start":{"line":251,"column":33},"end":{"line":251,"column":34}}]},"28":{"loc":{"start":{"line":253,"column":6},"end":{"line":253,"column":34}},"type":"if","locations":[{"start":{"line":253,"column":6},"end":{"line":253,"column":34}}]},"29":{"loc":{"start":{"line":254,"column":6},"end":{"line":254,"column":35}},"type":"if","locations":[{"start":{"line":254,"column":6},"end":{"line":254,"column":35}}]}},"s":{"0":1,"1":1,"2":1,"3":1,"4":1,"5":1,"6":1,"7":1,"8":1,"9":0,"10":0,"11":0,"12":0,"13":0,"14":0,"15":0,"16":0,"17":0,"18":0,"19":0,"20":0,"21":0,"22":0,"23":0,"24":0,"25":0,"26":0,"27":0,"28":0,"29":0,"30":0,"31":0,"32":1,"33":1,"34":1,"35":0,"36":0,"37":0,"38":0,"39":0,"40":0,"41":0,"42":0,"43":0,"44":0,"45":0,"46":0,"47":0,"48":0,"49":0,"50":0,"51":0,"52":0,"53":0,"54":0,"55":0,"56":0,"57":0,"58":0,"59":0,"60":0,"61":0,"62":0,"63":0,"64":0,"65":0,"66":0,"67":0,"68":0,"69":0,"70":0,"71":0,"72":0,"73":0,"74":0,"75":0,"76":0,"77":0,"78":0,"79":0,"80":0,"81":0,"82":0,"83":0,"84":0,"85":0,"86":0,"87":0,"88":0,"89":0,"90":0,"91":0,"92":0,"93":0,"94":0,"95":0,"96":0,"97":0,"98":0,"99":0,"100":0,"101":0,"102":0,"103":0,"104":0,"105":0,"106":1,"107":1},"f":{"0":1,"1":1,"2":0,"3":0,"4":0,"5":1,"6":0,"7":0,"8":0,"9":0,"10":0,"11":0,"12":0,"13":0,"14":0,"15":0,"16":0,"17":0,"18":0,"19":0,"20":0,"21":0,"22":0,"23":0,"24":0,"25":0},"b":{"0":[1],"1":[0],"2":[0,0],"3":[0,0],"4":[0],"5":[0,0],"6":[0,0],"7":[0],"8":[0,0],"9":[0,0],"10":[0,0],"11":[0,0],"12":[1,1],"13":[1],"14":[0],"15":[0],"16":[0,0],"17":[0,0],"18":[0,0],"19":[0,0],"20":[0,0],"21":[0,0],"22":[0,0,0,0],"23":[0],"24":[0,0],"25":[0],"26":[0,0],"27":[0,0],"28":[0],"29":[0]}}
,"C:\\Users\\devth\\OneDrive\\Desktop\\mango\\mge-v2-2025\\mongorest\\src\\core\\adapters\\base\\databaseAdapter.ts": {"path":"C:\\Users\\devth\\OneDrive\\Desktop\\mango\\mge-v2-2025\\mongorest\\src\\core\\adapters\\base\\databaseAdapter.ts","statementMap":{"0":{"start":{"line":2,"column":0},"end":{"line":2,"column":60}},"1":{"start":{"line":14,"column":12},"end":{"line":14,"column":34}},"2":{"start":{"line":20,"column":38},"end":{"line":20,"column":40}},"3":{"start":{"line":21,"column":42},"end":{"line":21,"column":44}},"4":{"start":{"line":24,"column":4},"end":{"line":30,"column":5}},"5":{"start":{"line":25,"column":6},"end":{"line":29,"column":9}},"6":{"start":{"line":33,"column":25},"end":{"line":33,"column":47}},"7":{"start":{"line":36,"column":4},"end":{"line":38,"column":5}},"8":{"start":{"line":37,"column":6},"end":{"line":37,"column":71}},"9":{"start":{"line":41,"column":4},"end":{"line":51,"column":5}},"10":{"start":{"line":42,"column":6},"end":{"line":50,"column":9}},"11":{"start":{"line":43,"column":8},"end":{"line":49,"column":9}},"12":{"start":{"line":44,"column":10},"end":{"line":48,"column":13}},"13":{"start":{"line":53,"column":4},"end":{"line":57,"column":6}},"14":{"start":{"line":61,"column":4},"end":{"line":71,"column":5}},"15":{"start":{"line":62,"column":6},"end":{"line":70,"column":9}},"16":{"start":{"line":63,"column":8},"end":{"line":69,"column":9}},"17":{"start":{"line":64,"column":10},"end":{"line":68,"column":13}},"18":{"start":{"line":73,"column":4},"end":{"line":77,"column":5}},"19":{"start":{"line":74,"column":6},"end":{"line":76,"column":9}},"20":{"start":{"line":75,"column":8},"end":{"line":75,"column":67}},"21":{"start":{"line":83,"column":4},"end":{"line":83,"column":25}},"22":{"start":{"line":84,"column":4},"end":{"line":84,"column":30}},"23":{"start":{"line":88,"column":4},"end":{"line":88,"column":31}},"24":{"start":{"line":94,"column":4},"end":{"line":96,"column":5}},"25":{"start":{"line":95,"column":6},"end":{"line":95,"column":52}},"26":{"start":{"line":105,"column":47},"end":{"line":113,"column":6}},"27":{"start":{"line":116,"column":4},"end":{"line":122,"column":5}},"28":{"start":{"line":117,"column":6},"end":{"line":121,"column":8}},"29":{"start":{"line":124,"column":4},"end":{"line":124,"column":18}},"30":{"start":{"line":8,"column":0},"end":{"line":8,"column":22}}},"fnMap":{"0":{"name":"(anonymous_0)","decl":{"start":{"line":8,"column":0},"end":{"line":8,"column":22}},"loc":{"start":{"line":8,"column":0},"end":{"line":126,"column":1}}},"1":{"name":"(anonymous_1)","decl":{"start":{"line":19,"column":2},"end":{"line":19,"column":15}},"loc":{"start":{"line":19,"column":40},"end":{"line":58,"column":3}}},"2":{"name":"(anonymous_2)","decl":{"start":{"line":42,"column":26},"end":{"line":42,"column":27}},"loc":{"start":{"line":42,"column":42},"end":{"line":50,"column":7}}},"3":{"name":"(anonymous_3)","decl":{"start":{"line":60,"column":12},"end":{"line":60,"column":35}},"loc":{"start":{"line":60,"column":109},"end":{"line":78,"column":3}}},"4":{"name":"(anonymous_4)","decl":{"start":{"line":62,"column":32},"end":{"line":62,"column":33}},"loc":{"start":{"line":62,"column":66},"end":{"line":70,"column":7}}},"5":{"name":"(anonymous_5)","decl":{"start":{"line":74,"column":28},"end":{"line":74,"column":29}},"loc":{"start":{"line":74,"column":44},"end":{"line":76,"column":7}}},"6":{"name":"(anonymous_6)","decl":{"start":{"line":82,"column":2},"end":{"line":82,"column":7}},"loc":{"start":{"line":82,"column":40},"end":{"line":85,"column":3}}},"7":{"name":"(anonymous_7)","decl":{"start":{"line":87,"column":2},"end":{"line":87,"column":7}},"loc":{"start":{"line":87,"column":15},"end":{"line":89,"column":3}}},"8":{"name":"(anonymous_8)","decl":{"start":{"line":93,"column":12},"end":{"line":93,"column":29}},"loc":{"start":{"line":93,"column":29},"end":{"line":97,"column":3}}},"9":{"name":"(anonymous_9)","decl":{"start":{"line":99,"column":12},"end":{"line":99,"column":24}},"loc":{"start":{"line":103,"column":26},"end":{"line":125,"column":3}}}},"branchMap":{"0":{"loc":{"start":{"line":24,"column":4},"end":{"line":30,"column":5}},"type":"if","locations":[{"start":{"line":24,"column":4},"end":{"line":30,"column":5}}]},"1":{"loc":{"start":{"line":36,"column":4},"end":{"line":38,"column":5}},"type":"if","locations":[{"start":{"line":36,"column":4},"end":{"line":38,"column":5}}]},"2":{"loc":{"start":{"line":41,"column":4},"end":{"line":51,"column":5}},"type":"if","locations":[{"start":{"line":41,"column":4},"end":{"line":51,"column":5}}]},"3":{"loc":{"start":{"line":43,"column":8},"end":{"line":49,"column":9}},"type":"if","locations":[{"start":{"line":43,"column":8},"end":{"line":49,"column":9}}]},"4":{"loc":{"start":{"line":61,"column":4},"end":{"line":71,"column":5}},"type":"if","locations":[{"start":{"line":61,"column":4},"end":{"line":71,"column":5}}]},"5":{"loc":{"start":{"line":63,"column":8},"end":{"line":69,"column":9}},"type":"if","locations":[{"start":{"line":63,"column":8},"end":{"line":69,"column":9}}]},"6":{"loc":{"start":{"line":73,"column":4},"end":{"line":77,"column":5}},"type":"if","locations":[{"start":{"line":73,"column":4},"end":{"line":77,"column":5}}]},"7":{"loc":{"start":{"line":94,"column":4},"end":{"line":96,"column":5}},"type":"if","locations":[{"start":{"line":94,"column":4},"end":{"line":96,"column":5}}]},"8":{"loc":{"start":{"line":116,"column":4},"end":{"line":122,"column":5}},"type":"if","locations":[{"start":{"line":116,"column":4},"end":{"line":122,"column":5}}]},"9":{"loc":{"start":{"line":118,"column":16},"end":{"line":118,"column":44}},"type":"binary-expr","locations":[{"start":{"line":118,"column":16},"end":{"line":118,"column":39}},{"start":{"line":118,"column":43},"end":{"line":118,"column":44}}]},"10":{"loc":{"start":{"line":119,"column":15},"end":{"line":119,"column":52}},"type":"binary-expr","locations":[{"start":{"line":119,"column":15},"end":{"line":119,"column":37}},{"start":{"line":119,"column":41},"end":{"line":119,"column":52}}]},"11":{"loc":{"start":{"line":120,"column":17},"end":{"line":120,"column":87}},"type":"cond-expr","locations":[{"start":{"line":120,"column":42},"end":{"line":120,"column":79}},{"start":{"line":120,"column":82},"end":{"line":120,"column":87}}]}},"s":{"0":1,"1":0,"2":0,"3":0,"4":0,"5":0,"6":0,"7":0,"8":0,"9":0,"10":0,"11":0,"12":0,"13":0,"14":0,"15":0,"16":0,"17":0,"18":0,"19":0,"20":0,"21":0,"22":0,"23":0,"24":0,"25":0,"26":0,"27":0,"28":0,"29":0,"30":1},"f":{"0":0,"1":0,"2":0,"3":0,"4":0,"5":0,"6":0,"7":0,"8":0,"9":0},"b":{"0":[0],"1":[0],"2":[0],"3":[0],"4":[0],"5":[0],"6":[0],"7":[0],"8":[0],"9":[0,0],"10":[0,0],"11":[0,0]}}
,"C:\\Users\\devth\\OneDrive\\Desktop\\mango\\mge-v2-2025\\mongorest\\src\\core\\adapters\\base\\relationship\\RelationshipRegistry.ts": {"path":"C:\\Users\\devth\\OneDrive\\Desktop\\mango\\mge-v2-2025\\mongorest\\src\\core\\adapters\\base\\relationship\\RelationshipRegistry.ts","statementMap":{"0":{"start":{"line":2,"column":0},"end":{"line":2,"column":66}},"1":{"start":{"line":3,"column":0},"end":{"line":3,"column":64}},"2":{"start":{"line":4,"column":0},"end":{"line":4,"column":64}},"3":{"start":{"line":5,"column":0},"end":{"line":5,"column":62}},"4":{"start":{"line":12,"column":10},"end":{"line":12,"column":63}},"5":{"start":{"line":18,"column":16},"end":{"line":18,"column":53}},"6":{"start":{"line":19,"column":4},"end":{"line":19,"column":46}},"7":{"start":{"line":27,"column":4},"end":{"line":42,"column":5}},"8":{"start":{"line":29,"column":8},"end":{"line":29,"column":60}},"9":{"start":{"line":30,"column":8},"end":{"line":30,"column":14}},"10":{"start":{"line":32,"column":8},"end":{"line":32,"column":61}},"11":{"start":{"line":33,"column":8},"end":{"line":33,"column":14}},"12":{"start":{"line":35,"column":8},"end":{"line":35,"column":61}},"13":{"start":{"line":36,"column":8},"end":{"line":36,"column":14}},"14":{"start":{"line":38,"column":8},"end":{"line":38,"column":62}},"15":{"start":{"line":39,"column":8},"end":{"line":39,"column":14}},"16":{"start":{"line":41,"column":8},"end":{"line":41,"column":73}},"17":{"start":{"line":43,"column":4},"end":{"line":43,"column":45}},"18":{"start":{"line":50,"column":16},"end":{"line":50,"column":52}},"19":{"start":{"line":51,"column":4},"end":{"line":51,"column":39}},"20":{"start":{"line":58,"column":42},"end":{"line":58,"column":44}},"21":{"start":{"line":59,"column":19},"end":{"line":59,"column":36}},"22":{"start":{"line":61,"column":4},"end":{"line":65,"column":5}},"23":{"start":{"line":62,"column":6},"end":{"line":64,"column":7}},"24":{"start":{"line":63,"column":8},"end":{"line":63,"column":41}},"25":{"start":{"line":67,"column":4},"end":{"line":67,"column":25}},"26":{"start":{"line":74,"column":16},"end":{"line":74,"column":52}},"27":{"start":{"line":75,"column":4},"end":{"line":75,"column":39}},"28":{"start":{"line":82,"column":16},"end":{"line":82,"column":52}},"29":{"start":{"line":83,"column":4},"end":{"line":83,"column":42}},"30":{"start":{"line":90,"column":4},"end":{"line":90,"column":31}},"31":{"start":{"line":97,"column":4},"end":{"line":97,"column":39}},"32":{"start":{"line":104,"column":4},"end":{"line":104,"column":41}},"33":{"start":{"line":112,"column":42},"end":{"line":112,"column":44}},"34":{"start":{"line":114,"column":4},"end":{"line":120,"column":5}},"35":{"start":{"line":115,"column":22},"end":{"line":115,"column":36}},"36":{"start":{"line":116,"column":6},"end":{"line":118,"column":7}},"37":{"start":{"line":117,"column":8},"end":{"line":117,"column":27}},"38":{"start":{"line":119,"column":6},"end":{"line":119,"column":39}},"39":{"start":{"line":122,"column":4},"end":{"line":122,"column":18}},"40":{"start":{"line":129,"column":4},"end":{"line":133,"column":7}},"41":{"start":{"line":130,"column":6},"end":{"line":132,"column":9}},"42":{"start":{"line":131,"column":8},"end":{"line":131,"column":48}},"43":{"start":{"line":11,"column":0},"end":{"line":11,"column":13}}},"fnMap":{"0":{"name":"(anonymous_0)","decl":{"start":{"line":11,"column":0},"end":{"line":11,"column":13}},"loc":{"start":{"line":11,"column":0},"end":{"line":135,"column":1}}},"1":{"name":"(anonymous_1)","decl":{"start":{"line":17,"column":2},"end":{"line":17,"column":10}},"loc":{"start":{"line":17,"column":58},"end":{"line":20,"column":3}}},"2":{"name":"(anonymous_2)","decl":{"start":{"line":25,"column":2},"end":{"line":25,"column":24}},"loc":{"start":{"line":25,"column":80},"end":{"line":44,"column":3}}},"3":{"name":"(anonymous_3)","decl":{"start":{"line":49,"column":2},"end":{"line":49,"column":5}},"loc":{"start":{"line":49,"column":51},"end":{"line":52,"column":3}}},"4":{"name":"(anonymous_4)","decl":{"start":{"line":57,"column":2},"end":{"line":57,"column":13}},"loc":{"start":{"line":57,"column":33},"end":{"line":68,"column":3}}},"5":{"name":"(anonymous_5)","decl":{"start":{"line":73,"column":2},"end":{"line":73,"column":5}},"loc":{"start":{"line":73,"column":51},"end":{"line":76,"column":3}}},"6":{"name":"(anonymous_6)","decl":{"start":{"line":81,"column":2},"end":{"line":81,"column":8}},"loc":{"start":{"line":81,"column":54},"end":{"line":84,"column":3}}},"7":{"name":"(anonymous_7)","decl":{"start":{"line":89,"column":2},"end":{"line":89,"column":7}},"loc":{"start":{"line":89,"column":7},"end":{"line":91,"column":3}}},"8":{"name":"(anonymous_8)","decl":{"start":{"line":96,"column":2},"end":{"line":96,"column":8}},"loc":{"start":{"line":96,"column":8},"end":{"line":98,"column":3}}},"9":{"name":"(anonymous_9)","decl":{"start":{"line":103,"column":2},"end":{"line":103,"column":18}},"loc":{"start":{"line":103,"column":38},"end":{"line":105,"column":3}}},"10":{"name":"(anonymous_10)","decl":{"start":{"line":111,"column":2},"end":{"line":111,"column":22}},"loc":{"start":{"line":111,"column":22},"end":{"line":123,"column":3}}},"11":{"name":"(anonymous_11)","decl":{"start":{"line":128,"column":2},"end":{"line":128,"column":14}},"loc":{"start":{"line":128,"column":49},"end":{"line":134,"column":3}}},"12":{"name":"(anonymous_12)","decl":{"start":{"line":129,"column":40},"end":{"line":129,"column":41}},"loc":{"start":{"line":129,"column":70},"end":{"line":133,"column":5}}},"13":{"name":"(anonymous_13)","decl":{"start":{"line":130,"column":31},"end":{"line":130,"column":34}},"loc":{"start":{"line":130,"column":37},"end":{"line":132,"column":7}}}},"branchMap":{"0":{"loc":{"start":{"line":27,"column":4},"end":{"line":42,"column":5}},"type":"switch","locations":[{"start":{"line":28,"column":6},"end":{"line":30,"column":14}},{"start":{"line":31,"column":6},"end":{"line":33,"column":14}},{"start":{"line":34,"column":6},"end":{"line":36,"column":14}},{"start":{"line":37,"column":6},"end":{"line":39,"column":14}},{"start":{"line":40,"column":6},"end":{"line":41,"column":73}}]},"1":{"loc":{"start":{"line":62,"column":6},"end":{"line":64,"column":7}},"type":"if","locations":[{"start":{"line":62,"column":6},"end":{"line":64,"column":7}}]},"2":{"loc":{"start":{"line":116,"column":6},"end":{"line":118,"column":7}},"type":"if","locations":[{"start":{"line":116,"column":6},"end":{"line":118,"column":7}}]}},"s":{"0":1,"1":1,"2":1,"3":1,"4":0,"5":0,"6":0,"7":0,"8":0,"9":0,"10":0,"11":0,"12":0,"13":0,"14":0,"15":0,"16":0,"17":0,"18":0,"19":0,"20":0,"21":0,"22":0,"23":0,"24":0,"25":0,"26":0,"27":0,"28":0,"29":0,"30":0,"31":0,"32":0,"33":0,"34":0,"35":0,"36":0,"37":0,"38":0,"39":0,"40":0,"41":0,"42":0,"43":1},"f":{"0":0,"1":0,"2":0,"3":0,"4":0,"5":0,"6":0,"7":0,"8":0,"9":0,"10":0,"11":0,"12":0,"13":0},"b":{"0":[0,0,0,0,0],"1":[0],"2":[0]}}
,"C:\\Users\\devth\\OneDrive\\Desktop\\mango\\mge-v2-2025\\mongorest\\src\\core\\adapters\\base\\relationship\\mainRelationship.ts": {"path":"C:\\Users\\devth\\OneDrive\\Desktop\\mango\\mge-v2-2025\\mongorest\\src\\core\\adapters\\base\\relationship\\mainRelationship.ts","statementMap":{"0":{"start":{"line":10,"column":4},"end":{"line":10,"column":33}},"1":{"start":{"line":19,"column":4},"end":{"line":19,"column":32}},"2":{"start":{"line":22,"column":4},"end":{"line":22,"column":39}},"3":{"start":{"line":25,"column":4},"end":{"line":25,"column":38}},"4":{"start":{"line":28,"column":4},"end":{"line":28,"column":40}},"5":{"start":{"line":31,"column":4},"end":{"line":31,"column":32}},"6":{"start":{"line":34,"column":4},"end":{"line":34,"column":36}},"7":{"start":{"line":41,"column":4},"end":{"line":47,"column":6}},"8":{"start":{"line":56,"column":4},"end":{"line":64,"column":5}},"9":{"start":{"line":58,"column":8},"end":{"line":58,"column":23}},"10":{"start":{"line":60,"column":8},"end":{"line":60,"column":23}},"11":{"start":{"line":63,"column":8},"end":{"line":63,"column":22}},"12":{"start":{"line":71,"column":28},"end":{"line":71,"column":30}},"13":{"start":{"line":74,"column":4},"end":{"line":76,"column":5}},"14":{"start":{"line":75,"column":6},"end":{"line":75,"column":54}},"15":{"start":{"line":79,"column":4},"end":{"line":82,"column":5}},"16":{"start":{"line":80,"column":19},"end":{"line":80,"column":58}},"17":{"start":{"line":81,"column":6},"end":{"line":81,"column":37}},"18":{"start":{"line":85,"column":4},"end":{"line":87,"column":5}},"19":{"start":{"line":86,"column":6},"end":{"line":86,"column":52}},"20":{"start":{"line":90,"column":4},"end":{"line":92,"column":5}},"21":{"start":{"line":91,"column":6},"end":{"line":91,"column":52}},"22":{"start":{"line":95,"column":4},"end":{"line":100,"column":5}},"23":{"start":{"line":96,"column":44},"end":{"line":96,"column":46}},"24":{"start":{"line":97,"column":6},"end":{"line":99,"column":9}},"25":{"start":{"line":98,"column":8},"end":{"line":98,"column":30}},"26":{"start":{"line":102,"column":4},"end":{"line":102,"column":20}},"27":{"start":{"line":109,"column":41},"end":{"line":109,"column":43}},"28":{"start":{"line":110,"column":4},"end":{"line":113,"column":7}},"29":{"start":{"line":111,"column":33},"end":{"line":111,"column":49}},"30":{"start":{"line":112,"column":6},"end":{"line":112,"column":50}},"31":{"start":{"line":114,"column":4},"end":{"line":114,"column":16}},"32":{"start":{"line":6,"column":0},"end":{"line":6,"column":22}}},"fnMap":{"0":{"name":"(anonymous_0)","decl":{"start":{"line":9,"column":2},"end":{"line":9,"column":14}},"loc":{"start":{"line":9,"column":48},"end":{"line":11,"column":3}}},"1":{"name":"(anonymous_1)","decl":{"start":{"line":18,"column":2},"end":{"line":18,"column":6}},"loc":{"start":{"line":18,"column":10},"end":{"line":20,"column":3}}},"2":{"name":"(anonymous_2)","decl":{"start":{"line":21,"column":2},"end":{"line":21,"column":6}},"loc":{"start":{"line":21,"column":17},"end":{"line":23,"column":3}}},"3":{"name":"(anonymous_3)","decl":{"start":{"line":24,"column":2},"end":{"line":24,"column":6}},"loc":{"start":{"line":24,"column":16},"end":{"line":26,"column":3}}},"4":{"name":"(anonymous_4)","decl":{"start":{"line":27,"column":2},"end":{"line":27,"column":6}},"loc":{"start":{"line":27,"column":18},"end":{"line":29,"column":3}}},"5":{"name":"(anonymous_5)","decl":{"start":{"line":30,"column":2},"end":{"line":30,"column":6}},"loc":{"start":{"line":30,"column":10},"end":{"line":32,"column":3}}},"6":{"name":"(anonymous_6)","decl":{"start":{"line":33,"column":2},"end":{"line":33,"column":6}},"loc":{"start":{"line":33,"column":14},"end":{"line":35,"column":3}}},"7":{"name":"(anonymous_7)","decl":{"start":{"line":40,"column":2},"end":{"line":40,"column":10}},"loc":{"start":{"line":40,"column":10},"end":{"line":48,"column":3}}},"8":{"name":"(anonymous_8)","decl":{"start":{"line":53,"column":12},"end":{"line":53,"column":23}},"loc":{"start":{"line":54,"column":30},"end":{"line":65,"column":3}}},"9":{"name":"(anonymous_9)","decl":{"start":{"line":70,"column":12},"end":{"line":70,"column":32}},"loc":{"start":{"line":70,"column":59},"end":{"line":103,"column":3}}},"10":{"name":"(anonymous_10)","decl":{"start":{"line":97,"column":34},"end":{"line":97,"column":35}},"loc":{"start":{"line":97,"column":44},"end":{"line":99,"column":7}}},"11":{"name":"(anonymous_11)","decl":{"start":{"line":108,"column":10},"end":{"line":108,"column":22}},"loc":{"start":{"line":108,"column":40},"end":{"line":115,"column":3}}},"12":{"name":"(anonymous_12)","decl":{"start":{"line":110,"column":20},"end":{"line":110,"column":21}},"loc":{"start":{"line":110,"column":30},"end":{"line":113,"column":5}}}},"branchMap":{"0":{"loc":{"start":{"line":42,"column":6},"end":{"line":46,"column":26}},"type":"binary-expr","locations":[{"start":{"line":42,"column":6},"end":{"line":42,"column":26}},{"start":{"line":43,"column":6},"end":{"line":43,"column":33}},{"start":{"line":44,"column":6},"end":{"line":44,"column":32}},{"start":{"line":45,"column":6},"end":{"line":45,"column":34}},{"start":{"line":46,"column":6},"end":{"line":46,"column":26}}]},"1":{"loc":{"start":{"line":56,"column":4},"end":{"line":64,"column":5}},"type":"switch","locations":[{"start":{"line":57,"column":6},"end":{"line":58,"column":23}},{"start":{"line":59,"column":6},"end":{"line":60,"column":23}},{"start":{"line":61,"column":6},"end":{"line":61,"column":18}},{"start":{"line":62,"column":6},"end":{"line":63,"column":22}}]},"2":{"loc":{"start":{"line":74,"column":4},"end":{"line":76,"column":5}},"type":"if","locations":[{"start":{"line":74,"column":4},"end":{"line":76,"column":5}}]},"3":{"loc":{"start":{"line":74,"column":8},"end":{"line":74,"column":76}},"type":"binary-expr","locations":[{"start":{"line":74,"column":8},"end":{"line":74,"column":28}},{"start":{"line":74,"column":32},"end":{"line":74,"column":76}}]},"4":{"loc":{"start":{"line":79,"column":4},"end":{"line":82,"column":5}},"type":"if","locations":[{"start":{"line":79,"column":4},"end":{"line":82,"column":5}}]},"5":{"loc":{"start":{"line":79,"column":8},"end":{"line":79,"column":63}},"type":"binary-expr","locations":[{"start":{"line":79,"column":8},"end":{"line":79,"column":28}},{"start":{"line":79,"column":32},"end":{"line":79,"column":63}}]},"6":{"loc":{"start":{"line":85,"column":4},"end":{"line":87,"column":5}},"type":"if","locations":[{"start":{"line":85,"column":4},"end":{"line":87,"column":5}}]},"7":{"loc":{"start":{"line":85,"column":8},"end":{"line":85,"column":54}},"type":"binary-expr","locations":[{"start":{"line":85,"column":8},"end":{"line":85,"column":27}},{"start":{"line":85,"column":31},"end":{"line":85,"column":54}}]},"8":{"loc":{"start":{"line":90,"column":4},"end":{"line":92,"column":5}},"type":"if","locations":[{"start":{"line":90,"column":4},"end":{"line":92,"column":5}}]},"9":{"loc":{"start":{"line":90,"column":8},"end":{"line":90,"column":52}},"type":"binary-expr","locations":[{"start":{"line":90,"column":8},"end":{"line":90,"column":26}},{"start":{"line":90,"column":30},"end":{"line":90,"column":52}}]},"10":{"loc":{"start":{"line":95,"column":4},"end":{"line":100,"column":5}},"type":"if","locations":[{"start":{"line":95,"column":4},"end":{"line":100,"column":5}}]},"11":{"loc":{"start":{"line":95,"column":8},"end":{"line":95,"column":61}},"type":"binary-expr","locations":[{"start":{"line":95,"column":8},"end":{"line":95,"column":27}},{"start":{"line":95,"column":31},"end":{"line":95,"column":61}}]},"12":{"loc":{"start":{"line":112,"column":20},"end":{"line":112,"column":49}},"type":"cond-expr","locations":[{"start":{"line":112,"column":43},"end":{"line":112,"column":45}},{"start":{"line":112,"column":48},"end":{"line":112,"column":49}}]}},"s":{"0":0,"1":0,"2":0,"3":0,"4":0,"5":0,"6":0,"7":0,"8":0,"9":0,"10":0,"11":0,"12":0,"13":0,"14":0,"15":0,"16":0,"17":0,"18":0,"19":0,"20":0,"21":0,"22":0,"23":0,"24":0,"25":0,"26":0,"27":0,"28":0,"29":0,"30":0,"31":0,"32":1},"f":{"0":0,"1":0,"2":0,"3":0,"4":0,"5":0,"6":0,"7":0,"8":0,"9":0,"10":0,"11":0,"12":0},"b":{"0":[0,0,0,0,0],"1":[0,0,0,0],"2":[0],"3":[0,0],"4":[0],"5":[0,0],"6":[0],"7":[0,0],"8":[0],"9":[0,0],"10":[0],"11":[0,0],"12":[0,0]}}
,"C:\\Users\\devth\\OneDrive\\Desktop\\mango\\mge-v2-2025\\mongorest\\src\\core\\adapters\\base\\relationship\\manyToManyRelationship.ts": {"path":"C:\\Users\\devth\\OneDrive\\Desktop\\mango\\mge-v2-2025\\mongorest\\src\\core\\adapters\\base\\relationship\\manyToManyRelationship.ts","statementMap":{"0":{"start":{"line":1,"column":0},"end":{"line":1,"column":50}},"1":{"start":{"line":12,"column":4},"end":{"line":12,"column":22}},"2":{"start":{"line":13,"column":4},"end":{"line":15,"column":5}},"3":{"start":{"line":14,"column":6},"end":{"line":14,"column":83}},"4":{"start":{"line":16,"column":4},"end":{"line":16,"column":46}},"5":{"start":{"line":20,"column":4},"end":{"line":24,"column":6}},"6":{"start":{"line":29,"column":27},"end":{"line":36,"column":6}},"7":{"start":{"line":39,"column":25},"end":{"line":49,"column":6}},"8":{"start":{"line":52,"column":20},"end":{"line":54,"column":6}},"9":{"start":{"line":56,"column":4},"end":{"line":56,"column":51}},"10":{"start":{"line":60,"column":4},"end":{"line":60,"column":16}},"11":{"start":{"line":8,"column":0},"end":{"line":8,"column":13}}},"fnMap":{"0":{"name":"(anonymous_0)","decl":{"start":{"line":11,"column":2},"end":{"line":11,"column":14}},"loc":{"start":{"line":11,"column":48},"end":{"line":17,"column":3}}},"1":{"name":"(anonymous_1)","decl":{"start":{"line":19,"column":2},"end":{"line":19,"column":23}},"loc":{"start":{"line":19,"column":23},"end":{"line":25,"column":3}}},"2":{"name":"(anonymous_2)","decl":{"start":{"line":27,"column":2},"end":{"line":27,"column":21}},"loc":{"start":{"line":27,"column":48},"end":{"line":57,"column":3}}},"3":{"name":"(anonymous_3)","decl":{"start":{"line":59,"column":2},"end":{"line":59,"column":15}},"loc":{"start":{"line":59,"column":15},"end":{"line":61,"column":3}}}},"branchMap":{"0":{"loc":{"start":{"line":13,"column":4},"end":{"line":15,"column":5}},"type":"if","locations":[{"start":{"line":13,"column":4},"end":{"line":15,"column":5}}]},"1":{"loc":{"start":{"line":44,"column":12},"end":{"line":44,"column":43}},"type":"binary-expr","locations":[{"start":{"line":44,"column":12},"end":{"line":44,"column":30}},{"start":{"line":44,"column":34},"end":{"line":44,"column":43}}]},"2":{"loc":{"start":{"line":45,"column":12},"end":{"line":47,"column":10}},"type":"binary-expr","locations":[{"start":{"line":45,"column":12},"end":{"line":45,"column":62}},{"start":{"line":45,"column":66},"end":{"line":47,"column":10}}]}},"s":{"0":1,"1":0,"2":0,"3":0,"4":0,"5":0,"6":0,"7":0,"8":0,"9":0,"10":0,"11":1},"f":{"0":0,"1":0,"2":0,"3":0},"b":{"0":[0],"1":[0,0],"2":[0,0]}}
,"C:\\Users\\devth\\OneDrive\\Desktop\\mango\\mge-v2-2025\\mongorest\\src\\core\\adapters\\base\\relationship\\manyToOneRelationship.ts": {"path":"C:\\Users\\devth\\OneDrive\\Desktop\\mango\\mge-v2-2025\\mongorest\\src\\core\\adapters\\base\\relationship\\manyToOneRelationship.ts","statementMap":{"0":{"start":{"line":1,"column":0},"end":{"line":1,"column":50}},"1":{"start":{"line":10,"column":4},"end":{"line":14,"column":6}},"2":{"start":{"line":18,"column":21},"end":{"line":18,"column":60}},"3":{"start":{"line":20,"column":4},"end":{"line":28,"column":6}},"4":{"start":{"line":32,"column":4},"end":{"line":32,"column":17}},"5":{"start":{"line":8,"column":0},"end":{"line":8,"column":13}}},"fnMap":{"0":{"name":"(anonymous_0)","decl":{"start":{"line":9,"column":2},"end":{"line":9,"column":23}},"loc":{"start":{"line":9,"column":23},"end":{"line":15,"column":3}}},"1":{"name":"(anonymous_1)","decl":{"start":{"line":17,"column":2},"end":{"line":17,"column":21}},"loc":{"start":{"line":17,"column":48},"end":{"line":29,"column":3}}},"2":{"name":"(anonymous_2)","decl":{"start":{"line":31,"column":2},"end":{"line":31,"column":15}},"loc":{"start":{"line":31,"column":15},"end":{"line":33,"column":3}}}},"branchMap":{"0":{"loc":{"start":{"line":25,"column":12},"end":{"line":25,"column":43}},"type":"binary-expr","locations":[{"start":{"line":25,"column":12},"end":{"line":25,"column":30}},{"start":{"line":25,"column":34},"end":{"line":25,"column":43}}]},"1":{"loc":{"start":{"line":26,"column":12},"end":{"line":26,"column":47}},"type":"binary-expr","locations":[{"start":{"line":26,"column":12},"end":{"line":26,"column":31}},{"start":{"line":26,"column":35},"end":{"line":26,"column":47}}]}},"s":{"0":1,"1":0,"2":0,"3":0,"4":0,"5":1},"f":{"0":0,"1":0,"2":0},"b":{"0":[0,0],"1":[0,0]}}
,"C:\\Users\\devth\\OneDrive\\Desktop\\mango\\mge-v2-2025\\mongorest\\src\\core\\adapters\\base\\relationship\\oneToManyRelationship.ts": {"path":"C:\\Users\\devth\\OneDrive\\Desktop\\mango\\mge-v2-2025\\mongorest\\src\\core\\adapters\\base\\relationship\\oneToManyRelationship.ts","statementMap":{"0":{"start":{"line":1,"column":0},"end":{"line":1,"column":50}},"1":{"start":{"line":10,"column":4},"end":{"line":14,"column":6}},"2":{"start":{"line":18,"column":21},"end":{"line":18,"column":60}},"3":{"start":{"line":20,"column":4},"end":{"line":28,"column":6}},"4":{"start":{"line":32,"column":4},"end":{"line":32,"column":16}},"5":{"start":{"line":8,"column":0},"end":{"line":8,"column":13}}},"fnMap":{"0":{"name":"(anonymous_0)","decl":{"start":{"line":9,"column":2},"end":{"line":9,"column":23}},"loc":{"start":{"line":9,"column":23},"end":{"line":15,"column":3}}},"1":{"name":"(anonymous_1)","decl":{"start":{"line":17,"column":2},"end":{"line":17,"column":21}},"loc":{"start":{"line":17,"column":48},"end":{"line":29,"column":3}}},"2":{"name":"(anonymous_2)","decl":{"start":{"line":31,"column":2},"end":{"line":31,"column":15}},"loc":{"start":{"line":31,"column":15},"end":{"line":33,"column":3}}}},"branchMap":{"0":{"loc":{"start":{"line":25,"column":12},"end":{"line":25,"column":43}},"type":"binary-expr","locations":[{"start":{"line":25,"column":12},"end":{"line":25,"column":30}},{"start":{"line":25,"column":34},"end":{"line":25,"column":43}}]},"1":{"loc":{"start":{"line":26,"column":12},"end":{"line":26,"column":47}},"type":"binary-expr","locations":[{"start":{"line":26,"column":12},"end":{"line":26,"column":31}},{"start":{"line":26,"column":35},"end":{"line":26,"column":47}}]}},"s":{"0":1,"1":0,"2":0,"3":0,"4":0,"5":1},"f":{"0":0,"1":0,"2":0},"b":{"0":[0,0],"1":[0,0]}}
,"C:\\Users\\devth\\OneDrive\\Desktop\\mango\\mge-v2-2025\\mongorest\\src\\core\\adapters\\base\\relationship\\oneToOneRelationship.ts": {"path":"C:\\Users\\devth\\OneDrive\\Desktop\\mango\\mge-v2-2025\\mongorest\\src\\core\\adapters\\base\\relationship\\oneToOneRelationship.ts","statementMap":{"0":{"start":{"line":1,"column":0},"end":{"line":1,"column":50}},"1":{"start":{"line":10,"column":4},"end":{"line":14,"column":6}},"2":{"start":{"line":18,"column":21},"end":{"line":18,"column":60}},"3":{"start":{"line":20,"column":4},"end":{"line":28,"column":6}},"4":{"start":{"line":32,"column":4},"end":{"line":32,"column":17}},"5":{"start":{"line":8,"column":0},"end":{"line":8,"column":13}}},"fnMap":{"0":{"name":"(anonymous_0)","decl":{"start":{"line":9,"column":2},"end":{"line":9,"column":23}},"loc":{"start":{"line":9,"column":23},"end":{"line":15,"column":3}}},"1":{"name":"(anonymous_1)","decl":{"start":{"line":17,"column":2},"end":{"line":17,"column":21}},"loc":{"start":{"line":17,"column":48},"end":{"line":29,"column":3}}},"2":{"name":"(anonymous_2)","decl":{"start":{"line":31,"column":2},"end":{"line":31,"column":15}},"loc":{"start":{"line":31,"column":15},"end":{"line":33,"column":3}}}},"branchMap":{"0":{"loc":{"start":{"line":25,"column":12},"end":{"line":25,"column":43}},"type":"binary-expr","locations":[{"start":{"line":25,"column":12},"end":{"line":25,"column":30}},{"start":{"line":25,"column":34},"end":{"line":25,"column":43}}]},"1":{"loc":{"start":{"line":26,"column":12},"end":{"line":26,"column":47}},"type":"binary-expr","locations":[{"start":{"line":26,"column":12},"end":{"line":26,"column":31}},{"start":{"line":26,"column":35},"end":{"line":26,"column":47}}]}},"s":{"0":1,"1":0,"2":0,"3":0,"4":0,"5":1},"f":{"0":0,"1":0,"2":0},"b":{"0":[0,0],"1":[0,0]}}
,"C:\\Users\\devth\\OneDrive\\Desktop\\mango\\mge-v2-2025\\mongorest\\src\\core\\adapters\\elasticsearch\\elasticsearchAdapter.ts": {"path":"C:\\Users\\devth\\OneDrive\\Desktop\\mango\\mge-v2-2025\\mongorest\\src\\core\\adapters\\elasticsearch\\elasticsearchAdapter.ts","statementMap":{"0":{"start":{"line":14,"column":0},"end":{"line":14,"column":62}},"1":{"start":{"line":20,"column":11},"end":{"line":20,"column":34}},"2":{"start":{"line":21,"column":11},"end":{"line":21,"column":48}},"3":{"start":{"line":22,"column":11},"end":{"line":22,"column":29}},"4":{"start":{"line":30,"column":40},"end":{"line":39,"column":6}},"5":{"start":{"line":42,"column":4},"end":{"line":44,"column":5}},"6":{"start":{"line":43,"column":6},"end":{"line":43,"column":60}},"7":{"start":{"line":47,"column":4},"end":{"line":49,"column":5}},"8":{"start":{"line":48,"column":6},"end":{"line":48,"column":75}},"9":{"start":{"line":52,"column":4},"end":{"line":54,"column":5}},"10":{"start":{"line":53,"column":6},"end":{"line":53,"column":55}},"11":{"start":{"line":57,"column":4},"end":{"line":64,"column":5}},"12":{"start":{"line":58,"column":6},"end":{"line":60,"column":7}},"13":{"start":{"line":59,"column":8},"end":{"line":59,"column":52}},"14":{"start":{"line":61,"column":6},"end":{"line":63,"column":7}},"15":{"start":{"line":62,"column":8},"end":{"line":62,"column":51}},"16":{"start":{"line":67,"column":4},"end":{"line":69,"column":5}},"17":{"start":{"line":68,"column":6},"end":{"line":68,"column":71}},"18":{"start":{"line":71,"column":4},"end":{"line":71,"column":19}},"19":{"start":{"line":83,"column":4},"end":{"line":83,"column":29}},"20":{"start":{"line":85,"column":4},"end":{"line":87,"column":5}},"21":{"start":{"line":86,"column":6},"end":{"line":86,"column":63}},"22":{"start":{"line":89,"column":22},"end":{"line":89,"column":32}},"23":{"start":{"line":91,"column":4},"end":{"line":120,"column":5}},"24":{"start":{"line":92,"column":23},"end":{"line":92,"column":60}},"25":{"start":{"line":94,"column":19},"end":{"line":98,"column":9}},"26":{"start":{"line":94,"column":62},"end":{"line":98,"column":8}},"27":{"start":{"line":100,"column":28},"end":{"line":100,"column":50}},"28":{"start":{"line":102,"column":21},"end":{"line":102,"column":96}},"29":{"start":{"line":105,"column":6},"end":{"line":115,"column":7}},"30":{"start":{"line":106,"column":22},"end":{"line":108,"column":34}},"31":{"start":{"line":110,"column":8},"end":{"line":112,"column":9}},"32":{"start":{"line":111,"column":10},"end":{"line":111,"column":42}},"33":{"start":{"line":114,"column":8},"end":{"line":114,"column":29}},"34":{"start":{"line":117,"column":6},"end":{"line":117,"column":47}},"35":{"start":{"line":119,"column":6},"end":{"line":119,"column":91}},"36":{"start":{"line":127,"column":4},"end":{"line":148,"column":6}},"37":{"start":{"line":155,"column":4},"end":{"line":155,"column":35}},"38":{"start":{"line":157,"column":4},"end":{"line":171,"column":5}},"39":{"start":{"line":158,"column":6},"end":{"line":158,"column":41}},"40":{"start":{"line":159,"column":11},"end":{"line":171,"column":5}},"41":{"start":{"line":161,"column":25},"end":{"line":161,"column":63}},"42":{"start":{"line":163,"column":6},"end":{"line":170,"column":9}},"43":{"start":{"line":178,"column":4},"end":{"line":185,"column":5}},"44":{"start":{"line":179,"column":6},"end":{"line":179,"column":37}},"45":{"start":{"line":179,"column":24},"end":{"line":179,"column":37}},"46":{"start":{"line":181,"column":23},"end":{"line":181,"column":47}},"47":{"start":{"line":182,"column":6},"end":{"line":182,"column":41}},"48":{"start":{"line":184,"column":6},"end":{"line":184,"column":19}},"49":{"start":{"line":192,"column":4},"end":{"line":238,"column":5}},"50":{"start":{"line":193,"column":6},"end":{"line":200,"column":8}},"51":{"start":{"line":196,"column":50},"end":{"line":196,"column":79}},"52":{"start":{"line":197,"column":46},"end":{"line":197,"column":67}},"53":{"start":{"line":201,"column":11},"end":{"line":238,"column":5}},"54":{"start":{"line":202,"column":6},"end":{"line":210,"column":8}},"55":{"start":{"line":205,"column":50},"end":{"line":205,"column":79}},"56":{"start":{"line":206,"column":46},"end":{"line":206,"column":67}},"57":{"start":{"line":211,"column":11},"end":{"line":238,"column":5}},"58":{"start":{"line":212,"column":6},"end":{"line":219,"column":8}},"59":{"start":{"line":215,"column":50},"end":{"line":215,"column":79}},"60":{"start":{"line":216,"column":46},"end":{"line":216,"column":67}},"61":{"start":{"line":222,"column":25},"end":{"line":225,"column":8}},"62":{"start":{"line":223,"column":46},"end":{"line":223,"column":75}},"63":{"start":{"line":224,"column":42},"end":{"line":224,"column":63}},"64":{"start":{"line":227,"column":6},"end":{"line":237,"column":7}},"65":{"start":{"line":228,"column":8},"end":{"line":228,"column":29}},"66":{"start":{"line":229,"column":13},"end":{"line":237,"column":7}},"67":{"start":{"line":230,"column":8},"end":{"line":234,"column":10}},"68":{"start":{"line":236,"column":8},"end":{"line":236,"column":33}},"69":{"start":{"line":245,"column":39},"end":{"line":245,"column":48}},"70":{"start":{"line":247,"column":4},"end":{"line":328,"column":5}},"71":{"start":{"line":249,"column":8},"end":{"line":249,"column":44}},"72":{"start":{"line":252,"column":8},"end":{"line":256,"column":10}},"73":{"start":{"line":259,"column":8},"end":{"line":259,"column":53}},"74":{"start":{"line":262,"column":8},"end":{"line":262,"column":54}},"75":{"start":{"line":265,"column":8},"end":{"line":265,"column":53}},"76":{"start":{"line":268,"column":8},"end":{"line":268,"column":54}},"77":{"start":{"line":271,"column":25},"end":{"line":271,"column":63}},"78":{"start":{"line":272,"column":8},"end":{"line":272,"column":48}},"79":{"start":{"line":275,"column":26},"end":{"line":275,"column":64}},"80":{"start":{"line":276,"column":8},"end":{"line":280,"column":10}},"81":{"start":{"line":283,"column":8},"end":{"line":285,"column":56}},"82":{"start":{"line":288,"column":8},"end":{"line":292,"column":10}},"83":{"start":{"line":295,"column":8},"end":{"line":295,"column":37}},"84":{"start":{"line":299,"column":8},"end":{"line":303,"column":10}},"85":{"start":{"line":306,"column":8},"end":{"line":310,"column":10}},"86":{"start":{"line":313,"column":8},"end":{"line":317,"column":10}},"87":{"start":{"line":320,"column":8},"end":{"line":324,"column":10}},"88":{"start":{"line":327,"column":8},"end":{"line":327,"column":61}},"89":{"start":{"line":335,"column":4},"end":{"line":337,"column":5}},"90":{"start":{"line":336,"column":6},"end":{"line":336,"column":18}},"91":{"start":{"line":339,"column":4},"end":{"line":339,"column":49}},"92":{"start":{"line":339,"column":34},"end":{"line":339,"column":47}},"93":{"start":{"line":346,"column":4},"end":{"line":350,"column":8}},"94":{"start":{"line":346,"column":30},"end":{"line":350,"column":6}},"95":{"start":{"line":357,"column":22},"end":{"line":357,"column":24}},"96":{"start":{"line":359,"column":4},"end":{"line":367,"column":7}},"97":{"start":{"line":362,"column":6},"end":{"line":366,"column":8}},"98":{"start":{"line":369,"column":4},"end":{"line":369,"column":16}},"99":{"start":{"line":376,"column":4},"end":{"line":376,"column":56}},"100":{"start":{"line":380,"column":4},"end":{"line":380,"column":30}},"101":{"start":{"line":19,"column":0},"end":{"line":19,"column":13}}},"fnMap":{"0":{"name":"(anonymous_9)","decl":{"start":{"line":19,"column":0},"end":{"line":19,"column":13}},"loc":{"start":{"line":19,"column":0},"end":{"line":382,"column":1}}},"1":{"name":"(anonymous_10)","decl":{"start":{"line":29,"column":2},"end":{"line":29,"column":14}},"loc":{"start":{"line":29,"column":39},"end":{"line":72,"column":3}}},"2":{"name":"(anonymous_11)","decl":{"start":{"line":77,"column":2},"end":{"line":77,"column":7}},"loc":{"start":{"line":81,"column":30},"end":{"line":121,"column":3}}},"3":{"name":"(anonymous_12)","decl":{"start":{"line":94,"column":47},"end":{"line":94,"column":48}},"loc":{"start":{"line":94,"column":62},"end":{"line":98,"column":8}}},"4":{"name":"(anonymous_13)","decl":{"start":{"line":126,"column":2},"end":{"line":126,"column":17}},"loc":{"start":{"line":126,"column":17},"end":{"line":149,"column":3}}},"5":{"name":"(anonymous_14)","decl":{"start":{"line":154,"column":2},"end":{"line":154,"column":7}},"loc":{"start":{"line":154,"column":40},"end":{"line":172,"column":3}}},"6":{"name":"(anonymous_15)","decl":{"start":{"line":161,"column":25},"end":{"line":161,"column":38}},"loc":{"start":{"line":161,"column":25},"end":{"line":161,"column":63}}},"7":{"name":"(anonymous_16)","decl":{"start":{"line":177,"column":2},"end":{"line":177,"column":7}},"loc":{"start":{"line":177,"column":22},"end":{"line":186,"column":3}}},"8":{"name":"(anonymous_17)","decl":{"start":{"line":191,"column":10},"end":{"line":191,"column":23}},"loc":{"start":{"line":191,"column":47},"end":{"line":239,"column":3}}},"9":{"name":"(anonymous_18)","decl":{"start":{"line":196,"column":45},"end":{"line":196,"column":46}},"loc":{"start":{"line":196,"column":50},"end":{"line":196,"column":79}}},"10":{"name":"(anonymous_19)","decl":{"start":{"line":197,"column":41},"end":{"line":197,"column":42}},"loc":{"start":{"line":197,"column":46},"end":{"line":197,"column":67}}},"11":{"name":"(anonymous_20)","decl":{"start":{"line":205,"column":45},"end":{"line":205,"column":46}},"loc":{"start":{"line":205,"column":50},"end":{"line":205,"column":79}}},"12":{"name":"(anonymous_21)","decl":{"start":{"line":206,"column":41},"end":{"line":206,"column":42}},"loc":{"start":{"line":206,"column":46},"end":{"line":206,"column":67}}},"13":{"name":"(anonymous_22)","decl":{"start":{"line":215,"column":45},"end":{"line":215,"column":46}},"loc":{"start":{"line":215,"column":50},"end":{"line":215,"column":79}}},"14":{"name":"(anonymous_23)","decl":{"start":{"line":216,"column":41},"end":{"line":216,"column":42}},"loc":{"start":{"line":216,"column":46},"end":{"line":216,"column":67}}},"15":{"name":"(anonymous_24)","decl":{"start":{"line":223,"column":41},"end":{"line":223,"column":42}},"loc":{"start":{"line":223,"column":46},"end":{"line":223,"column":75}}},"16":{"name":"(anonymous_25)","decl":{"start":{"line":224,"column":37},"end":{"line":224,"column":38}},"loc":{"start":{"line":224,"column":42},"end":{"line":224,"column":63}}},"17":{"name":"(anonymous_26)","decl":{"start":{"line":244,"column":10},"end":{"line":244,"column":31}},"loc":{"start":{"line":244,"column":57},"end":{"line":329,"column":3}}},"18":{"name":"(anonymous_27)","decl":{"start":{"line":334,"column":10},"end":{"line":334,"column":29}},"loc":{"start":{"line":334,"column":46},"end":{"line":340,"column":3}}},"19":{"name":"(anonymous_28)","decl":{"start":{"line":339,"column":25},"end":{"line":339,"column":30}},"loc":{"start":{"line":339,"column":34},"end":{"line":339,"column":47}}},"20":{"name":"(anonymous_29)","decl":{"start":{"line":345,"column":10},"end":{"line":345,"column":21}},"loc":{"start":{"line":345,"column":41},"end":{"line":351,"column":3}}},"21":{"name":"(anonymous_30)","decl":{"start":{"line":346,"column":21},"end":{"line":346,"column":25}},"loc":{"start":{"line":346,"column":30},"end":{"line":350,"column":6}}},"22":{"name":"(anonymous_31)","decl":{"start":{"line":356,"column":10},"end":{"line":356,"column":36}},"loc":{"start":{"line":356,"column":49},"end":{"line":370,"column":3}}},"23":{"name":"(anonymous_32)","decl":{"start":{"line":359,"column":18},"end":{"line":359,"column":19}},"loc":{"start":{"line":359,"column":34},"end":{"line":367,"column":5}}},"24":{"name":"(anonymous_33)","decl":{"start":{"line":375,"column":10},"end":{"line":375,"column":25}},"loc":{"start":{"line":375,"column":25},"end":{"line":377,"column":3}}},"25":{"name":"(anonymous_34)","decl":{"start":{"line":379,"column":2},"end":{"line":379,"column":19}},"loc":{"start":{"line":379,"column":44},"end":{"line":381,"column":3}}}},"branchMap":{"0":{"loc":{"start":{"line":42,"column":4},"end":{"line":44,"column":5}},"type":"if","locations":[{"start":{"line":42,"column":4},"end":{"line":44,"column":5}}]},"1":{"loc":{"start":{"line":47,"column":4},"end":{"line":49,"column":5}},"type":"if","locations":[{"start":{"line":47,"column":4},"end":{"line":49,"column":5}}]},"2":{"loc":{"start":{"line":47,"column":8},"end":{"line":47,"column":62}},"type":"binary-expr","locations":[{"start":{"line":47,"column":8},"end":{"line":47,"column":28}},{"start":{"line":47,"column":32},"end":{"line":47,"column":62}}]},"3":{"loc":{"start":{"line":52,"column":4},"end":{"line":54,"column":5}},"type":"if","locations":[{"start":{"line":52,"column":4},"end":{"line":54,"column":5}}]},"4":{"loc":{"start":{"line":52,"column":8},"end":{"line":52,"column":43}},"type":"binary-expr","locations":[{"start":{"line":52,"column":8},"end":{"line":52,"column":18}},{"start":{"line":52,"column":22},"end":{"line":52,"column":43}}]},"5":{"loc":{"start":{"line":57,"column":4},"end":{"line":64,"column":5}},"type":"if","locations":[{"start":{"line":57,"column":4},"end":{"line":64,"column":5}}]},"6":{"loc":{"start":{"line":58,"column":6},"end":{"line":60,"column":7}},"type":"if","locations":[{"start":{"line":58,"column":6},"end":{"line":60,"column":7}}]},"7":{"loc":{"start":{"line":61,"column":6},"end":{"line":63,"column":7}},"type":"if","locations":[{"start":{"line":61,"column":6},"end":{"line":63,"column":7}}]},"8":{"loc":{"start":{"line":67,"column":4},"end":{"line":69,"column":5}},"type":"if","locations":[{"start":{"line":67,"column":4},"end":{"line":69,"column":5}}]},"9":{"loc":{"start":{"line":67,"column":8},"end":{"line":67,"column":45}},"type":"binary-expr","locations":[{"start":{"line":67,"column":8},"end":{"line":67,"column":19}},{"start":{"line":67,"column":23},"end":{"line":67,"column":45}}]},"10":{"loc":{"start":{"line":85,"column":4},"end":{"line":87,"column":5}},"type":"if","locations":[{"start":{"line":85,"column":4},"end":{"line":87,"column":5}}]},"11":{"loc":{"start":{"line":105,"column":6},"end":{"line":115,"column":7}},"type":"if","locations":[{"start":{"line":105,"column":6},"end":{"line":115,"column":7}}]},"12":{"loc":{"start":{"line":106,"column":22},"end":{"line":108,"column":34}},"type":"cond-expr","locations":[{"start":{"line":107,"column":10},"end":{"line":107,"column":40}},{"start":{"line":108,"column":10},"end":{"line":108,"column":34}}]},"13":{"loc":{"start":{"line":110,"column":8},"end":{"line":112,"column":9}},"type":"if","locations":[{"start":{"line":110,"column":8},"end":{"line":112,"column":9}}]},"14":{"loc":{"start":{"line":157,"column":4},"end":{"line":171,"column":5}},"type":"if","locations":[{"start":{"line":157,"column":4},"end":{"line":171,"column":5}},{"start":{"line":159,"column":11},"end":{"line":171,"column":5}}]},"15":{"loc":{"start":{"line":159,"column":11},"end":{"line":171,"column":5}},"type":"if","locations":[{"start":{"line":159,"column":11},"end":{"line":171,"column":5}}]},"16":{"loc":{"start":{"line":164,"column":14},"end":{"line":165,"column":97}},"type":"binary-expr","locations":[{"start":{"line":164,"column":14},"end":{"line":164,"column":48}},{"start":{"line":165,"column":14},"end":{"line":165,"column":97}}]},"17":{"loc":{"start":{"line":165,"column":24},"end":{"line":165,"column":61}},"type":"binary-expr","locations":[{"start":{"line":165,"column":24},"end":{"line":165,"column":46}},{"start":{"line":165,"column":50},"end":{"line":165,"column":61}}]},"18":{"loc":{"start":{"line":165,"column":65},"end":{"line":165,"column":95}},"type":"binary-expr","locations":[{"start":{"line":165,"column":65},"end":{"line":165,"column":87}},{"start":{"line":165,"column":91},"end":{"line":165,"column":95}}]},"19":{"loc":{"start":{"line":166,"column":14},"end":{"line":169,"column":21}},"type":"cond-expr","locations":[{"start":{"line":166,"column":73},"end":{"line":169,"column":10}},{"start":{"line":169,"column":12},"end":{"line":169,"column":21}}]},"20":{"loc":{"start":{"line":166,"column":14},"end":{"line":166,"column":70}},"type":"binary-expr","locations":[{"start":{"line":166,"column":14},"end":{"line":166,"column":40}},{"start":{"line":166,"column":44},"end":{"line":166,"column":70}}]},"21":{"loc":{"start":{"line":179,"column":6},"end":{"line":179,"column":37}},"type":"if","locations":[{"start":{"line":179,"column":6},"end":{"line":179,"column":37}}]},"22":{"loc":{"start":{"line":192,"column":4},"end":{"line":238,"column":5}},"type":"if","locations":[{"start":{"line":192,"column":4},"end":{"line":238,"column":5}},{"start":{"line":201,"column":11},"end":{"line":238,"column":5}}]},"23":{"loc":{"start":{"line":196,"column":16},"end":{"line":196,"column":39}},"type":"binary-expr","locations":[{"start":{"line":196,"column":16},"end":{"line":196,"column":33}},{"start":{"line":196,"column":37},"end":{"line":196,"column":39}}]},"24":{"loc":{"start":{"line":197,"column":16},"end":{"line":197,"column":35}},"type":"binary-expr","locations":[{"start":{"line":197,"column":16},"end":{"line":197,"column":29}},{"start":{"line":197,"column":33},"end":{"line":197,"column":35}}]},"25":{"loc":{"start":{"line":201,"column":11},"end":{"line":238,"column":5}},"type":"if","locations":[{"start":{"line":201,"column":11},"end":{"line":238,"column":5}},{"start":{"line":211,"column":11},"end":{"line":238,"column":5}}]},"26":{"loc":{"start":{"line":205,"column":16},"end":{"line":205,"column":39}},"type":"binary-expr","locations":[{"start":{"line":205,"column":16},"end":{"line":205,"column":33}},{"start":{"line":205,"column":37},"end":{"line":205,"column":39}}]},"27":{"loc":{"start":{"line":206,"column":16},"end":{"line":206,"column":35}},"type":"binary-expr","locations":[{"start":{"line":206,"column":16},"end":{"line":206,"column":29}},{"start":{"line":206,"column":33},"end":{"line":206,"column":35}}]},"28":{"loc":{"start":{"line":211,"column":11},"end":{"line":238,"column":5}},"type":"if","locations":[{"start":{"line":211,"column":11},"end":{"line":238,"column":5}},{"start":{"line":220,"column":11},"end":{"line":238,"column":5}}]},"29":{"loc":{"start":{"line":215,"column":16},"end":{"line":215,"column":39}},"type":"binary-expr","locations":[{"start":{"line":215,"column":16},"end":{"line":215,"column":33}},{"start":{"line":215,"column":37},"end":{"line":215,"column":39}}]},"30":{"loc":{"start":{"line":216,"column":16},"end":{"line":216,"column":35}},"type":"binary-expr","locations":[{"start":{"line":216,"column":16},"end":{"line":216,"column":29}},{"start":{"line":216,"column":33},"end":{"line":216,"column":35}}]},"31":{"loc":{"start":{"line":223,"column":12},"end":{"line":223,"column":35}},"type":"binary-expr","locations":[{"start":{"line":223,"column":12},"end":{"line":223,"column":29}},{"start":{"line":223,"column":33},"end":{"line":223,"column":35}}]},"32":{"loc":{"start":{"line":224,"column":12},"end":{"line":224,"column":31}},"type":"binary-expr","locations":[{"start":{"line":224,"column":12},"end":{"line":224,"column":25}},{"start":{"line":224,"column":29},"end":{"line":224,"column":31}}]},"33":{"loc":{"start":{"line":227,"column":6},"end":{"line":237,"column":7}},"type":"if","locations":[{"start":{"line":227,"column":6},"end":{"line":237,"column":7}},{"start":{"line":229,"column":13},"end":{"line":237,"column":7}}]},"34":{"loc":{"start":{"line":229,"column":13},"end":{"line":237,"column":7}},"type":"if","locations":[{"start":{"line":229,"column":13},"end":{"line":237,"column":7}},{"start":{"line":235,"column":13},"end":{"line":237,"column":7}}]},"35":{"loc":{"start":{"line":247,"column":4},"end":{"line":328,"column":5}},"type":"switch","locations":[{"start":{"line":248,"column":6},"end":{"line":249,"column":44}},{"start":{"line":251,"column":6},"end":{"line":256,"column":10}},{"start":{"line":258,"column":6},"end":{"line":259,"column":53}},{"start":{"line":261,"column":6},"end":{"line":262,"column":54}},{"start":{"line":264,"column":6},"end":{"line":265,"column":53}},{"start":{"line":267,"column":6},"end":{"line":268,"column":54}},{"start":{"line":270,"column":6},"end":{"line":272,"column":48}},{"start":{"line":274,"column":6},"end":{"line":280,"column":10}},{"start":{"line":282,"column":6},"end":{"line":285,"column":56}},{"start":{"line":287,"column":6},"end":{"line":292,"column":10}},{"start":{"line":294,"column":6},"end":{"line":295,"column":37}},{"start":{"line":297,"column":6},"end":{"line":297,"column":18}},{"start":{"line":298,"column":6},"end":{"line":303,"column":10}},{"start":{"line":305,"column":6},"end":{"line":310,"column":10}},{"start":{"line":312,"column":6},"end":{"line":317,"column":10}},{"start":{"line":319,"column":6},"end":{"line":324,"column":10}},{"start":{"line":326,"column":6},"end":{"line":327,"column":61}}]},"36":{"loc":{"start":{"line":271,"column":25},"end":{"line":271,"column":63}},"type":"cond-expr","locations":[{"start":{"line":271,"column":48},"end":{"line":271,"column":53}},{"start":{"line":271,"column":56},"end":{"line":271,"column":63}}]},"37":{"loc":{"start":{"line":275,"column":26},"end":{"line":275,"column":64}},"type":"cond-expr","locations":[{"start":{"line":275,"column":49},"end":{"line":275,"column":54}},{"start":{"line":275,"column":57},"end":{"line":275,"column":64}}]},"38":{"loc":{"start":{"line":283,"column":15},"end":{"line":285,"column":55}},"type":"cond-expr","locations":[{"start":{"line":284,"column":10},"end":{"line":284,"column":31}},{"start":{"line":285,"column":10},"end":{"line":285,"column":55}}]},"39":{"loc":{"start":{"line":335,"column":4},"end":{"line":337,"column":5}},"type":"if","locations":[{"start":{"line":335,"column":4},"end":{"line":337,"column":5}}]},"40":{"loc":{"start":{"line":348,"column":15},"end":{"line":348,"column":57}},"type":"cond-expr","locations":[{"start":{"line":348,"column":43},"end":{"line":348,"column":49}},{"start":{"line":348,"column":52},"end":{"line":348,"column":57}}]},"41":{"loc":{"start":{"line":364,"column":17},"end":{"line":364,"column":44}},"type":"binary-expr","locations":[{"start":{"line":364,"column":17},"end":{"line":364,"column":36}},{"start":{"line":364,"column":40},"end":{"line":364,"column":44}}]},"42":{"loc":{"start":{"line":376,"column":11},"end":{"line":376,"column":55}},"type":"binary-expr","locations":[{"start":{"line":376,"column":11},"end":{"line":376,"column":28}},{"start":{"line":376,"column":32},"end":{"line":376,"column":55}}]}},"s":{"0":1,"1":0,"2":0,"3":0,"4":0,"5":0,"6":0,"7":0,"8":0,"9":0,"10":0,"11":0,"12":0,"13":0,"14":0,"15":0,"16":0,"17":0,"18":0,"19":0,"20":0,"21":0,"22":0,"23":0,"24":0,"25":0,"26":0,"27":0,"28":0,"29":0,"30":0,"31":0,"32":0,"33":0,"34":0,"35":0,"36":0,"37":0,"38":0,"39":0,"40":0,"41":0,"42":0,"43":0,"44":0,"45":0,"46":0,"47":0,"48":0,"49":0,"50":0,"51":0,"52":0,"53":0,"54":0,"55":0,"56":0,"57":0,"58":0,"59":0,"60":0,"61":0,"62":0,"63":0,"64":0,"65":0,"66":0,"67":0,"68":0,"69":0,"70":0,"71":0,"72":0,"73":0,"74":0,"75":0,"76":0,"77":0,"78":0,"79":0,"80":0,"81":0,"82":0,"83":0,"84":0,"85":0,"86":0,"87":0,"88":0,"89":0,"90":0,"91":0,"92":0,"93":0,"94":0,"95":0,"96":0,"97":0,"98":0,"99":0,"100":0,"101":1},"f":{"0":0,"1":0,"2":0,"3":0,"4":0,"5":0,"6":0,"7":0,"8":0,"9":0,"10":0,"11":0,"12":0,"13":0,"14":0,"15":0,"16":0,"17":0,"18":0,"19":0,"20":0,"21":0,"22":0,"23":0,"24":0,"25":0},"b":{"0":[0],"1":[0],"2":[0,0],"3":[0],"4":[0,0],"5":[0],"6":[0],"7":[0],"8":[0],"9":[0,0],"10":[0],"11":[0],"12":[0,0],"13":[0],"14":[0,0],"15":[0],"16":[0,0],"17":[0,0],"18":[0,0],"19":[0,0],"20":[0,0],"21":[0],"22":[0,0],"23":[0,0],"24":[0,0],"25":[0,0],"26":[0,0],"27":[0,0],"28":[0,0],"29":[0,0],"30":[0,0],"31":[0,0],"32":[0,0],"33":[0,0],"34":[0,0],"35":[0,0,0,0,0,0,0,0,0,0,0,0,0,0,0,0,0],"36":[0,0],"37":[0,0],"38":[0,0],"39":[0],"40":[0,0],"41":[0,0],"42":[0,0]}}
,"C:\\Users\\devth\\OneDrive\\Desktop\\mango\\mge-v2-2025\\mongorest\\src\\core\\adapters\\mongodb\\mongodbAdapter.ts": {"path":"C:\\Users\\devth\\OneDrive\\Desktop\\mango\\mge-v2-2025\\mongorest\\src\\core\\adapters\\mongodb\\mongodbAdapter.ts","statementMap":{"0":{"start":{"line":12,"column":0},"end":{"line":12,"column":81}},"1":{"start":{"line":14,"column":0},"end":{"line":14,"column":61}},"2":{"start":{"line":16,"column":0},"end":{"line":16,"column":54}},"3":{"start":{"line":17,"column":0},"end":{"line":17,"column":62}},"4":{"start":{"line":34,"column":4},"end":{"line":34,"column":12}},"5":{"start":{"line":24,"column":11},"end":{"line":24,"column":28}},"6":{"start":{"line":25,"column":11},"end":{"line":25,"column":42}},"7":{"start":{"line":26,"column":11},"end":{"line":26,"column":29}},"8":{"start":{"line":35,"column":4},"end":{"line":36,"column":57}},"9":{"start":{"line":37,"column":4},"end":{"line":37,"column":72}},"10":{"start":{"line":40,"column":4},"end":{"line":40,"column":51}},"11":{"start":{"line":52,"column":4},"end":{"line":52,"column":29}},"12":{"start":{"line":53,"column":4},"end":{"line":55,"column":5}},"13":{"start":{"line":54,"column":6},"end":{"line":54,"column":70}},"14":{"start":{"line":56,"column":22},"end":{"line":56,"column":32}},"15":{"start":{"line":57,"column":4},"end":{"line":126,"column":5}},"16":{"start":{"line":58,"column":37},"end":{"line":58,"column":71}},"17":{"start":{"line":60,"column":22},"end":{"line":60,"column":24}},"18":{"start":{"line":61,"column":6},"end":{"line":102,"column":7}},"19":{"start":{"line":62,"column":23},"end":{"line":62,"column":56}},"20":{"start":{"line":63,"column":8},"end":{"line":63,"column":47}},"21":{"start":{"line":64,"column":13},"end":{"line":102,"column":7}},"22":{"start":{"line":66,"column":8},"end":{"line":101,"column":9}},"23":{"start":{"line":68,"column":12},"end":{"line":68,"column":70}},"24":{"start":{"line":69,"column":12},"end":{"line":69,"column":80}},"25":{"start":{"line":70,"column":12},"end":{"line":70,"column":18}},"26":{"start":{"line":73,"column":12},"end":{"line":76,"column":14}},"27":{"start":{"line":77,"column":12},"end":{"line":80,"column":13}},"28":{"start":{"line":78,"column":30},"end":{"line":78,"column":74}},"29":{"start":{"line":79,"column":14},"end":{"line":79,"column":62}},"30":{"start":{"line":81,"column":12},"end":{"line":81,"column":18}},"31":{"start":{"line":84,"column":12},"end":{"line":87,"column":14}},"32":{"start":{"line":88,"column":12},"end":{"line":91,"column":13}},"33":{"start":{"line":89,"column":31},"end":{"line":89,"column":75}},"34":{"start":{"line":90,"column":14},"end":{"line":90,"column":64}},"35":{"start":{"line":92,"column":12},"end":{"line":92,"column":18}},"36":{"start":{"line":95,"column":12},"end":{"line":95,"column":68}},"37":{"start":{"line":96,"column":12},"end":{"line":96,"column":22}},"38":{"start":{"line":97,"column":12},"end":{"line":97,"column":18}},"39":{"start":{"line":100,"column":12},"end":{"line":100,"column":79}},"40":{"start":{"line":104,"column":28},"end":{"line":104,"column":50}},"41":{"start":{"line":105,"column":26},"end":{"line":109,"column":null}},"42":{"start":{"line":111,"column":6},"end":{"line":119,"column":7}},"43":{"start":{"line":112,"column":8},"end":{"line":118,"column":10}},"44":{"start":{"line":121,"column":6},"end":{"line":121,"column":25}},"45":{"start":{"line":123,"column":6},"end":{"line":125,"column":8}},"46":{"start":{"line":130,"column":4},"end":{"line":165,"column":6}},"47":{"start":{"line":169,"column":4},"end":{"line":169,"column":35}},"48":{"start":{"line":173,"column":4},"end":{"line":181,"column":5}},"49":{"start":{"line":174,"column":20},"end":{"line":174,"column":80}},"50":{"start":{"line":175,"column":6},"end":{"line":175,"column":null}},"51":{"start":{"line":176,"column":6},"end":{"line":178,"column":7}},"52":{"start":{"line":177,"column":8},"end":{"line":177,"column":26}},"53":{"start":{"line":180,"column":6},"end":{"line":180,"column":70}},"54":{"start":{"line":182,"column":4},"end":{"line":184,"column":5}},"55":{"start":{"line":183,"column":6},"end":{"line":183,"column":98}},"56":{"start":{"line":185,"column":19},"end":{"line":185,"column":49}},"57":{"start":{"line":186,"column":4},"end":{"line":186,"column":27}},"58":{"start":{"line":187,"column":4},"end":{"line":187,"column":32}},"59":{"start":{"line":191,"column":4},"end":{"line":197,"column":5}},"60":{"start":{"line":192,"column":6},"end":{"line":192,"column":33}},"61":{"start":{"line":192,"column":20},"end":{"line":192,"column":33}},"62":{"start":{"line":193,"column":6},"end":{"line":193,"column":35}},"63":{"start":{"line":194,"column":6},"end":{"line":194,"column":18}},"64":{"start":{"line":196,"column":6},"end":{"line":196,"column":19}},"65":{"start":{"line":201,"column":4},"end":{"line":201,"column":26}},"66":{"start":{"line":23,"column":0},"end":{"line":23,"column":13}}},"fnMap":{"0":{"name":"(anonymous_0)","decl":{"start":{"line":33,"column":2},"end":{"line":33,"column":14}},"loc":{"start":{"line":33,"column":57},"end":{"line":38,"column":3}}},"1":{"name":"(anonymous_1)","decl":{"start":{"line":39,"column":2},"end":{"line":39,"column":14}},"loc":{"start":{"line":39,"column":39},"end":{"line":41,"column":3}}},"2":{"name":"(anonymous_2)","decl":{"start":{"line":46,"column":2},"end":{"line":46,"column":7}},"loc":{"start":{"line":50,"column":30},"end":{"line":127,"column":3}}},"3":{"name":"(anonymous_3)","decl":{"start":{"line":129,"column":2},"end":{"line":129,"column":17}},"loc":{"start":{"line":129,"column":17},"end":{"line":166,"column":3}}},"4":{"name":"(anonymous_4)","decl":{"start":{"line":168,"column":2},"end":{"line":168,"column":7}},"loc":{"start":{"line":168,"column":40},"end":{"line":189,"column":3}}},"5":{"name":"(anonymous_5)","decl":{"start":{"line":190,"column":2},"end":{"line":190,"column":7}},"loc":{"start":{"line":190,"column":22},"end":{"line":198,"column":3}}},"6":{"name":"(anonymous_6)","decl":{"start":{"line":200,"column":2},"end":{"line":200,"column":7}},"loc":{"start":{"line":200,"column":15},"end":{"line":202,"column":3}}}},"branchMap":{"0":{"loc":{"start":{"line":36,"column":6},"end":{"line":36,"column":56}},"type":"binary-expr","locations":[{"start":{"line":36,"column":6},"end":{"line":36,"column":26}},{"start":{"line":36,"column":30},"end":{"line":36,"column":56}}]},"1":{"loc":{"start":{"line":53,"column":4},"end":{"line":55,"column":5}},"type":"if","locations":[{"start":{"line":53,"column":4},"end":{"line":55,"column":5}}]},"2":{"loc":{"start":{"line":61,"column":6},"end":{"line":102,"column":7}},"typ
[...]
"12":{"start":{"line":37,"column":8},"end":{"line":39,"column":9}},"13":{"start":{"line":38,"column":12},"end":{"line":38,"column":25}},"14":{"start":{"line":41,"column":52},"end":{"line":41,"column":195}},"15":{"start":{"line":43,"column":8},"end":{"line":45,"column":10}},"16":{"start":{"line":44,"column":12},"end":{"line":44,"column":52}},"17":{"start":{"line":50,"column":8},"end":{"line":52,"column":9}},"18":{"start":{"line":51,"column":12},"end":{"line":51,"column":22}},"19":{"start":{"line":54,"column":47},"end":{"line":54,"column":139}},"20":{"start":{"line":54,"column":103},"end":{"line":54,"column":137}},"21":{"start":{"line":56,"column":8},"end":{"line":58,"column":9}},"22":{"start":{"line":57,"column":12},"end":{"line":57,"column":60}},"23":{"start":{"line":60,"column":52},"end":{"line":60,"column":195}},"24":{"start":{"line":62,"column":36},"end":{"line":62,"column":53}},"25":{"start":{"line":64,"column":8},"end":{"line":94,"column":11}},"26":{"start":{"line":65,"column":12},"end":{"line":93,"column":13}},"27":{"start":{"line":66,"column":64},"end":{"line":66,"column":122}},"28":{"start":{"line":66,"column":91},"end":{"line":66,"column":111}},"29":{"start":{"line":67,"column":16},"end":{"line":69,"column":17}},"30":{"start":{"line":68,"column":20},"end":{"line":68,"column":121}},"31":{"start":{"line":71,"column":16},"end":{"line":92,"column":19}},"32":{"start":{"line":72,"column":38},"end":{"line":72,"column":61}},"33":{"start":{"line":74,"column":38},"end":{"line":74,"column":61}},"34":{"start":{"line":76,"column":20},"end":{"line":91,"column":21}},"35":{"start":{"line":77,"column":24},"end":{"line":77,"column":95}},"36":{"start":{"line":79,"column":50},"end":{"line":79,"column":86}},"37":{"start":{"line":80,"column":45},"end":{"line":86,"column":null}},"38":{"start":{"line":88,"column":24},"end":{"line":90,"column":32}},"39":{"start":{"line":89,"column":28},"end":{"line":89,"column":50}},"40":{"start":{"line":95,"column":31},"end":{"line":95,"column":86}},"41":{"start":{"line":95,"column":67},"end":{"line":95,"column":85}},"42":{"start":{"line":97,"column":32},"end":{"line":97,"column":34}},"43":{"start":{"line":99,"column":8},"end":{"line":111,"column":72}},"44":{"start":{"line":100,"column":12},"end":{"line":103,"column":13}},"45":{"start":{"line":101,"column":16},"end":{"line":101,"column":36}},"46":{"start":{"line":102,"column":16},"end":{"line":102,"column":31}},"47":{"start":{"line":104,"column":12},"end":{"line":110,"column":13}},"48":{"start":{"line":105,"column":16},"end":{"line":105,"column":33}},"49":{"start":{"line":108,"column":16},"end":{"line":108,"column":36}},"50":{"start":{"line":109,"column":16},"end":{"line":109,"column":31}},"51":{"start":{"line":111,"column":29},"end":{"line":111,"column":70}},"52":{"start":{"line":120,"column":47},"end":{"line":120,"column":139}},"53":{"start":{"line":120,"column":103},"end":{"line":120,"column":137}},"54":{"start":{"line":122,"column":8},"end":{"line":124,"column":9}},"55":{"start":{"line":123,"column":12},"end":{"line":123,"column":60}},"56":{"start":{"line":126,"column":52},"end":{"line":126,"column":195}},"57":{"start":{"line":128,"column":8},"end":{"line":130,"column":9}},"58":{"start":{"line":129,"column":12},"end":{"line":129,"column":null}},"59":{"start":{"line":132,"column":33},"end":{"line":137,"column":10}},"60":{"start":{"line":133,"column":12},"end":{"line":136,"column":15}},"61":{"start":{"line":134,"column":16},"end":{"line":135,"column":124}},"62":{"start":{"line":135,"column":47},"end":{"line":135,"column":122}},"63":{"start":{"line":135,"column":92},"end":{"line":135,"column":121}},"64":{"start":{"line":138,"column":8},"end":{"line":140,"column":9}},"65":{"start":{"line":139,"column":12},"end":{"line":139,"column":null}},"66":{"start":{"line":141,"column":8},"end":{"line":141,"column":32}},"67":{"start":{"line":145,"column":48},"end":{"line":145,"column":50}},"68":{"start":{"line":147,"column":8},"end":{"line":164,"column":9}},"69":{"start":{"line":148,"column":26},"end":{"line":148,"column":44}},"70":{"start":{"line":149,"column":26},"end":{"line":149,"column":36}},"71":{"start":{"line":151,"column":12},"end":{"line":163,"column":13}},"72":{"start":{"line":151,"column":25},"end":{"line":151,"column":26}},"73":{"start":{"line":152,"column":29},"end":{"line":152,"column":37}},"74":{"start":{"line":153,"column":31},"end":{"line":153,"column":53}},"75":{"start":{"line":155,"column":16},"end":{"line":162,"column":17}},"76":{"start":{"line":156,"column":20},"end":{"line":156,"column":38}},"77":{"start":{"line":158,"column":20},"end":{"line":160,"column":21}},"78":{"start":{"line":159,"column":24},"end":{"line":159,"column":43}},"79":{"start":{"line":161,"column":20},"end":{"line":161,"column":44}},"80":{"start":{"line":166,"column":8},"end":{"line":166,"column":26}},"81":{"start":{"line":170,"column":28},"end":{"line":170,"column":30}},"82":{"start":{"line":172,"column":8},"end":{"line":188,"column":9}},"83":{"start":{"line":173,"column":12},"end":{"line":187,"column":13}},"84":{"start":{"line":174,"column":34},"end":{"line":174,"column":49}},"85":{"start":{"line":176,"column":16},"end":{"line":186,"column":17}},"86":{"start":{"line":178,"column":20},"end":{"line":180,"column":21}},"87":{"start":{"line":179,"column":24},"end":{"line":179,"column":48}},"88":{"start":{"line":181,"column":23},"end":{"line":186,"column":17}},"89":{"start":{"line":183,"column":20},"end":{"line":185,"column":21}},"90":{"start":{"line":184,"column":24},"end":{"line":184,"column":88}},"91":{"start":{"line":190,"column":8},"end":{"line":190,"column":22}},"92":{"start":{"line":198,"column":8},"end":{"line":200,"column":9}},"93":{"start":{"line":199,"column":12},"end":{"line":199,"column":69}},"94":{"start":{"line":202,"column":29},"end":{"line":202,"column":92}},"95":{"start":{"line":204,"column":8},"end":{"line":204,"column":63}},"96":{"start":{"line":12,"column":0},"end":{"line":12,"column":13}}},"fnMap":{"0":{"name":"(anonymous_9)","decl":{"start":{"line":15,"column":4},"end":{"line":15,"column":null}},"loc":{"start":{"line":15,"column":4},"end":{"line":17,"column":5}}},"1":{"name":"(anonymous_10)","decl":{"start":{"line":19,"column":11},"end":{"line":19,"column":21}},"loc":{"start":{"line":19,"column":21},"end":{"line":24,"column":5}}},"2":{"name":"(anonymous_11)","decl":{"start":{"line":26,"column":11},"end":{"line":26,"column":23}},"loc":{"start":{"line":26,"column":40},"end":{"line":28,"column":5}}},"3":{"name":"(anonymous_12)","decl":{"start":{"line":30,"column":12},"end":{"line":30,"column":23}},"loc":{"start":{"line":30,"column":66},"end":{"line":32,"column":5}}},"4":{"name":"(anonymous_13)","decl":{"start":{"line":31,"column":25},"end":{"line":31,"column":26}},"loc":{"start":{"line":31,"column":30},"end":{"line":31,"column":55}}},"5":{"name":"(anonymous_14)","decl":{"start":{"line":34,"column":11},"end":{"line":34,"column":20}},"loc":{"start":{"line":34,"column":76},"end":{"line":46,"column":5}}},"6":{"name":"(anonymous_15)","decl":{"start":{"line":35,"column":90},"end":{"line":35,"column":91}},"loc":{"start":{"line":35,"column":115},"end":{"line":35,"column":149}}},"7":{"name":"(anonymous_16)","decl":{"start":{"line":43,"column":30},"end":{"line":43,"column":34}},"loc":{"start":{"line":44,"column":12},"end":{"line":44,"column":52}}},"8":{"name":"(anonymous_17)","decl":{"start":{"line":48,"column":11},"end":{"line":48,"column":26}},"loc":{"start":{"line":48,"column":152},"end":{"line":112,"column":5}}},"9":{"name":"(anonymous_18)","decl":{"start":{"line":54,"column":78},"end":{"line":54,"column":79}},"loc":{"start":{"line":54,"column":103},"end":{"line":54,"column":137}}},"10":{"name":"(anonymous_19)","decl":{"start":{"line":64,"column":26},"end":{"line":64,"column":30}},"loc":{"start":{"line":64,"column":33},"end":{"line":94,"column":9}}},"11":{"name":"(anonymous_20)","decl":{"start":{"line":66,"column":86},"end":{"line":66,"column":87}},"loc":{"start":{"line":66,"column":91},"end":{"line":66,"column":111}}},"12":{"name":"(anonymous_21)","decl":{"start":{"line":71,"column":38},"end":{"line":71,"column":45}},"loc":{"start":{"line":71,"column":48},"end":{"line":92,"column":17}}},"13":{"name":"(anonymous_22)","decl":{"start":{"line":88,"column":71},"end":{"line":88,"column":72}},"loc":{"start":{"line":88,"column":91},"end":{"line":90,"column":25}}},"14":{"name":"(anonymous_23)","decl":{"start":{"line":95,"column":57},"end":{"line":95,"column":58}},"loc":{"start":{"line":95,"column":67},"end":{"line":95,"column":85}}},"15":{"name":"(anonymous_24)","decl":{"start":{"line":99,"column":24},"end":{"line":99,"column":31}},"loc":{"start":{"line":99,"column":34},"end":{"line":111,"column":9}}},"16":{"name":"(anonymous_25)","decl":{"start":{"line":111,"column":18},"end":{"line":111,"column":25}},"loc":{"start":{"line":111,"column":29},"end":{"line":111,"column":70}}},"17":{"name":"(anonymous_26)","decl":{"start":{"line":114,"column":11},"end":{"line":114,"column":29}},"loc":{"start":{"line":118,"column":27},"end":{"line":142,"column":5}}},"18":{"name":"(anonymous_27)","decl":{"start":{"line":120,"column":78},"end":{"line":120,"column":79}},"loc":{"start":{"line":120,"column":103},"end":{"line":120,"column":137}}},"19":{"name":"(anonymous_28)","decl":{"start":{"line":132,"column":49},"end":{"line":132,"column":56}},"loc":{"start":{"line":132,"column":59},"end":{"line":137,"column":9}}},"20":{"name":"(anonymous_29)","decl":{"start":{"line":133,"column":34},"end":{"line":133,"column":38}},"loc":{"start":{"line":133,"column":41},"end":{"line":136,"column":13}}},"21":{"name":"(anonymous_30)","decl":{"start":{"line":135,"column":42},"end":{"line":135,"column":43}},"loc":{"start":{"line":135,"column":47},"end":{"line":135,"column":122}}},"22":{"name":"(anonymous_31)","decl":{"start":{"line":135,"column":87},"end":{"line":135,"column":88}},"loc":{"start":{"line":135,"column":92},"end":{"line":135,"column":121}}},"23":{"name":"(anonymous_32)","decl":{"start":{"line":144,"column":12},"end":{"line":144,"column":21}},"loc":{"start":{"line":144,"column":40},"end":{"line":167,"column":5}}},"24":{"name":"(anonymous_33)","decl":{"start":{"line":169,"column":12},"end":{"line":169,"column":34}},"loc":{"start":{"line":169,"column":61},"end":{"line":191,"column":5}}},"25":{"name":"(anonymous_34)","decl":{"start":{"line":193,"column":12},"end":{"line":193,"column":26}},"loc":{"start":{"line":193,"column":53},"end":{"line":195,"column":5}}},"26":{"name":"(anonymous_35)","decl":{"start":{"line":197,"column":11},"end":{"line":197,"column":25}},"loc":{"start":{"line":197,"column":88},"end":{"line":205,"column":5}}}},"branchMap":{"0":{"loc":{"start":{"line":37,"column":8},"end":{"line":39,"column":9}},"type":"if","locations":[{"start":{"line":37,"column":8},"end":{"line":39,"column":9}}]},"1":{"loc":{"start":{"line":41,"column":52},"end":{"line":41,"column":195}},"type":"cond-expr","locations":[{"start":{"line":41,"column":72},"end":{"line":41,"column":103}},{"start":{"line":41,"column":106},"end":{"line":41,"column":195}}]},"2":{"loc":{"start":{"line":41,"column":106},"end":{"line":41,"column":195}},"type":"cond-expr","locations":[{"start":{"line":41,"column":127},"end":{"line":41,"column":159}},{"start":{"line":41,"column":162},"end":{"line":41,"column":195}}]},"3":{"loc":{"start":{"line":48,"column":84},"end":{"line":48,"column":109}},"type":"default-arg","locations":[{"start":{"line":48,"column":104},"end":{"line":48,"column":109}}]},"4":{"loc":{"start":{"line":48,"column":111},"end":{"line":48,"column":128}},"type":"default-arg","locations":[{"start":{"line":48,"column":127},"end":{"line":48,"column":128}}]},"5":{"loc":{"start":{"line":50,"column":8},"end":{"line":52,"column":9}},"type":"if","locations":[{"start":{"line":50,"column":8},"end":{"line":52,"column":9}}]},"6":{"loc":{"start":{"line":56,"column":8},"end":{"line":58,"column":9}},"type":"if","locations":[{"start":{"line":56,"column":8},"end":{"line":58,"column":9}}]},"7":{"loc":{"start":{"line":60,"column":52},"end":{"line":60,"column":195}},"type":"cond-expr","locations":[{"start":{"line":60,"column":72},"end":{"line":60,"column":103}},{"start":{"line":60,"column":106},"end":{"line":60,"column":195}}]},"8":{"loc":{"start":{"line":60,"column":106},"end":{"line":60,"column":195}},"type":"cond-expr","locations":[{"start":{"line":60,"column":127},"end":{"line":60,"column":159}},{"start":{"line":60,"column":162},"end":{"line":60,"column":195}}]},"9":{"loc":{"start":{"line":65,"column":12},"end":{"line":93,"column":13}},"type":"if","locations":[{"start":{"line":65,"column":12},"end":{"line":93,"column":13}}]},"10":{"loc":{"start":{"line":67,"column":16},"end":{"line":69,"column":17}},"type":"if","locations":[{"start":{"line":67,"column":16},"end":{"line":69,"column":17}}]},"11":{"loc":{"start":{"line":76,"column":20},"end":{"line":91,"column":21}},"type":"if","locations":[{"start":{"line":76,"column":20},"end":{"line":91,"column":21}},{"start":{"line":78,"column":27},"end":{"line":91,"column":21}}]},"12":{"loc":{"start":{"line":77,"column":37},"end":{"line":77,"column":93}},"type":"cond-expr","locations":[{"start":{"line":77,"column":49},"end":{"line":77,"column":80}},{"start":{"line":77,"column":84},"end":{"line":77,"column":93}}]},"13":{"loc":{"start":{"line":85,"column":37},"end":{"line":85,"column":77}},"type":"cond-expr","locations":[{"start":{"line":85,"column":72},"end":{"line":85,"column":73}},{"start":{"line":85,"column":76},"end":{"line":85,"column":77}}]},"14":{"loc":{"start":{"line":86,"column":28},"end":{"line":86,"column":89}},"type":"cond-expr","locations":[{"start":{"line":86,"column":45},"end":{"line":86,"column":76}},{"start":{"line":86,"column":80},"end":{"line":86,"column":89}}]},"15":{"loc":{"start":{"line":88,"column":24},"end":{"line":90,"column":31}},"type":"cond-expr","locations":[{"start":{"line":88,"column":50},"end":{"line":90,"column":26}},{"start":{"line":90,"column":29},"end":{"line":90,"column":31}}]},"16":{"loc":{"start":{"line":100,"column":12},"end":{"line":103,"column":13}},"type":"if","locations":[{"start":{"line":100,"column":12},"end":{"line":103,"column":13}}]},"17":{"loc":{"start":{"line":104,"column":12},"end":{"line":110,"column":13}},"type":"if","locations":[{"start":{"line":104,"column":12},"end":{"line":110,"column":13}},{"start":{"line":107,"column":17},"end":{"line":110,"column":13}}]},"18":{"loc":{"start":{"line":111,"column":29},"end":{"line":111,"column":70}},"type":"binary-expr","locations":[{"start":{"line":111,"column":29},"end":{"line":111,"column":50}},{"start":{"line":111,"column":54},"end":{"line":111,"column":70}}]},"19":{"loc":{"start":{"line":122,"column":8},"end":{"line":124,"column":9}},"type":"if","locations":[{"start":{"line":122,"column":8},"end":{"line":124,"column":9}}]},"20":{"loc":{"start":{"line":126,"column":52},"end":{"line":126,"column":195}},"type":"cond-expr","locations":[{"start":{"line":126,"column":72},"end":{"line":126,"column":103}},{"start":{"line":126,"column":106},"end":{"line":126,"column":195}}]},"21":{"loc":{"start":{"line":126,"column":106},"end":{"line":126,"column":195}},"type":"cond-expr","locations":[{"start":{"line":126,"column":127},"end":{"line":126,"column":159}},{"start":{"line":126,"column":162},"end":{"line":126,"column":195}}]},"22":{"loc":{"start":{"line":128,"column":8},"end":{"line":130,"column":9}},"type":"if","locations":[{"start":{"line":128,"column":8},"end":{"line":130,"column":9}}]},"23":{"loc":{"start":{"line":128,"column":12},"end":{"line":128,"column":71}},"type":"binary-expr","locations":[{"start":{"line":128,"column":12},"end":{"line":128,"column":21}},{"start":{"line":128,"column":25},"end":{"line":128,"column":47}},{"start":{"line":128,"column":51},"end":{"line":128,"column":71}}]},"24":{"loc":{"start":{"line":134,"column":23},"end":{"line":135,"column":123}},"type":"binary-expr","locations":[{"start":{"line":134,"column":23},"end":{"line":134,"column":63}},{"start":{"line":135,"column":20},"end":{"line":135,"column":123}}]},"25":{"loc":{"start":{"line":135,"column":47},"end":{"line":135,"column":122}},"type":"binary-expr","locations":[{"start":{"line":135,"column":47},"end":{"line":135,"column":67}},{"start":{"line":135,"column":71},"end":{"line":135,"column":122}}]},"26":{"loc":{"start":{"line":138,"column":8},"end":{"line":140,"column":9}},"type":"if","locations":[{"start":{"line":138,"column":8},"end":{"line":140,"column":9}}]},"27":{"loc":{"start":{"line":155,"column":16},"end":{"line":162,"column":17}},"type":"if","locations":[{"start":{"line":155,"column":16},"end":{"line":162,"column":17}},{"start":{"line":157,"column":23},"end":{"line":162,"column":17}}]},"28":{"loc":{"start":{"line":158,"column":20},"end":{"line":160,"column":21}},"type":"if","locations":[{"start":{"line":158,"column":20},"end":{"line":160,"column":21}}]},"29":{"loc":{"start":{"line":158,"column":24},"end":{"line":158,"column":61}},"type":"binary-expr","locations":[{"start":{"line":158,"column":24},"end":{"line":158,"column":38}},{"start":{"line":158,"column":42},"end":{"line":158,"column":61}}]},"30":{"loc":{"start":{"line":173,"column":12},"end":{"line":187,"column":13}},"type":"if","locations":[{"start":{"line":173,"column":12},"end":{"line":187,"column":13}}]},"31":{"loc":{"start":{"line":176,"column":16},"end":{"line":186,"column":17}},"type":"if","locations":[{"start":{"line":176,"column":16},"end":{"line":186,"column":17}},{"start":{"line":181,"column":23},"end":{"line":186,"column":17}}]},"32":{"loc":{"start":{"line":178,"column":20},"end":{"line":180,"column":21}},"type":"if","locations":[{"start":{"line":178,"column":20},"end":{"line":180,"column":21}}]},"33":{"loc":{"start":{"line":181,"column":23},"end":{"line":186,"column":17}},"type":"if","locations":[{"start":{"line":181,"column":23},"end":{"line":186,"column":17}}]},"34":{"loc":{"start":{"line":181,"column":27},"end":{"line":181,"column":78}},"type":"binary-expr","locations":[{"start":{"line":181,"column":27},"end":{"line":181,"column":56}},{"start":{"line":181,"column":60},"end":{"line":181,"column":78}}]},"35":{"loc":{"start":{"line":183,"column":20},"end":{"line":185,"column":21}},"type":"if","locations":[{"start":{"line":183,"column":20},"end":{"line":185,"column":21}}]},"36":{"loc":{"start":{"line":183,"column":24},"end":{"line":183,"column":90}},"type":"binary-expr","locations":[{"start":{"line":183,"column":24},"end":{"line":183,"column":35}},{"start":{"line":183,"column":39},"end":{"line":183,"column":68}},{"start":{"line":183,"column":72},"end":{"line":183,"column":90}}]},"37":{"loc":{"start":{"line":198,"column":8},"end":{"line":200,"column":9}},"type":"if","locations":[{"start":{"line":198,"column":8},"end":{"line":200,"column":9}}]}},"s":{"0":1,"1":1,"2":1,"3":1,"4":2,"5":2,"6":2,"7":0,"8":0,"9":0,"10":0,"11":0,"12":0,"13":0,"14":0,"15":0,"16":0,"17":0,"18":0,"19":0,"20":0,"21":0,"22":0,"23":0,"24":0,"25":0,"26":0,"27":0,"28":0,"29":0,"30":0,"31":0,"32":0,"33":0,"34":0,"35":0,"36":0,"37":0,"38":0,"39":0,"40":0,"41":0,"42":0,"43":0,"44":0,"45":0,"46":0,"47":0,"48":0,"49":0,"50":0,"51":0,"52":0,"53":0,"54":0,"55":0,"56":0,"57":0,"58":0,"59":0,"60":0,"61":0,"62":0,"63":0,"64":0,"65":0,"66":0,"67":0,"68":0,"69":0,"70":0,"71":0,"72":0,"73":0,"74":0,"75":0,"76":0,"77":0,"78":0,"79":0,"80":0,"81":0,"82":0,"83":0,"84":0,"85":0,"86":0,"87":0,"88":0,"89":0,"90":0,"91":0,"92":0,"93":0,"94":0,"95":0,"96":1},"f":{"0":1,"1":2,"2":0,"3":0,"4":0,"5":0,"6":0,"7":0,"8":0,"9":0,"10":0,"11":0,"12":0,"13":0,"14":0,"15":0,"16":0,"17":0,"18":0,"19":0,"20":0,"21":0,"22":0,"23":0,"24":0,"25":0,"26":0},"b":{"0":[0],"1":[0,0],"2":[0,0],"3":[0],"4":[0],"5":[0],"6":[0],"7":[0,0],"8":[0,0],"9":[0],"10":[0],"11":[0,0],"12":[0,0],"13":[0,0],"14":[0,0],"15":[0,0],"16":[0],"17":[0,0],"18":[0,0],"19":[0],"20":[0,0],"21":[0,0],"22":[0],"23":[0,0,0],"24":[0,0],"25":[0,0],"26":[0],"27":[0,0],"28":[0],"29":[0,0],"30":[0],"31":[0,0],"32":[0],"33":[0],"34":[0,0],"35":[0],"36":[0,0,0],"37":[0]}}
}
