TN:
SF:src\core\adapters\base\adapterRegister.ts
FN:19,(anonymous_0)
FN:24,(anonymous_1)
FN:34,(anonymous_2)
FN:53,(anonymous_3)
FN:81,(anonymous_4)
FN:89,(anonymous_5)
FN:98,(anonymous_6)
FN:112,(anonymous_7)
FN:113,(anonymous_8)
FN:125,(anonymous_9)
FN:127,(anonymous_10)
FN:142,(anonymous_11)
FN:150,(anonymous_12)
FN:157,(anonymous_13)
FN:164,(anonymous_14)
FN:171,(anonymous_15)
FN:172,(anonymous_16)
FN:202,(anonymous_17)
FN:203,(anonymous_18)
FN:209,(anonymous_19)
FN:213,(anonymous_20)
FN:214,(anonymous_21)
FN:223,(anonymous_22)
FN:230,(anonymous_23)
FN:238,(anonymous_24)
FN:245,(anonymous_25)
FNF:26
FNH:3
FNDA:1,(anonymous_0)
FNDA:1,(anonymous_1)
FNDA:0,(anonymous_2)
FNDA:0,(anonymous_3)
FNDA:0,(anonymous_4)
FNDA:1,(anonymous_5)
FNDA:0,(anonymous_6)
FNDA:0,(anonymous_7)
FNDA:0,(anonymous_8)
FNDA:0,(anonymous_9)
FNDA:0,(anonymous_10)
FNDA:0,(anonymous_11)
FNDA:0,(anonymous_12)
FNDA:0,(anonymous_13)
FNDA:0,(anonymous_14)
FNDA:0,(anonymous_15)
FNDA:0,(anonymous_16)
FNDA:0,(anonymous_17)
FNDA:0,(anonymous_18)
FNDA:0,(anonymous_19)
FNDA:0,(anonymous_20)
FNDA:0,(anonymous_21)
FNDA:0,(anonymous_22)
FNDA:0,(anonymous_23)
FNDA:0,(anonymous_24)
FNDA:0,(anonymous_25)
DA:4,1
DA:5,1
DA:6,1
DA:7,1
DA:14,1
DA:16,1
DA:17,1
DA:25,1
DA:26,1
DA:28,1
DA:35,0
DA:37,0
DA:38,0
DA:39,0
DA:42,0
DA:45,0
DA:46,0
DA:47,0
DA:54,0
DA:56,0
DA:57,0
DA:60,0
DA:61,0
DA:64,0
DA:65,0
DA:66,0
DA:67,0
DA:68,0
DA:69,0
DA:71,0
DA:75,0
DA:82,0
DA:83,0
DA:90,1
DA:92,1
DA:93,1
DA:97,0
DA:98,0
DA:99,0
DA:100,0
DA:105,0
DA:106,0
DA:113,0
DA:126,0
DA:127,0
DA:128,0
DA:129,0
DA:143,0
DA:144,0
DA:151,0
DA:158,0
DA:165,0
DA:166,0
DA:172,0
DA:173,0
DA:175,0
DA:176,0
DA:177,0
DA:178,0
DA:179,0
DA:181,0
DA:182,0
DA:183,0
DA:184,0
DA:185,0
DA:187,0
DA:188,0
DA:189,0
DA:190,0
DA:191,0
DA:193,0
DA:194,0
DA:195,0
DA:196,0
DA:197,0
DA:203,0
DA:204,0
DA:206,0
DA:210,0
DA:214,0
DA:215,0
DA:218,0
DA:219,0
DA:223,0
DA:224,0
DA:225,0
DA:226,0
DA:231,0
DA:233,0
DA:234,0
DA:238,0
DA:239,0
DA:240,0
DA:241,0
DA:246,0
DA:247,0
DA:249,0
DA:250,0
DA:251,0
DA:253,0
DA:254,0
DA:257,0
DA:262,1
LF:103
LH:14
BRDA:25,0,0,1
BRDA:37,1,0,0
BRDA:45,2,0,0
BRDA:45,2,1,0
BRDA:54,3,0,0
BRDA:54,3,1,0
BRDA:56,4,0,0
BRDA:56,5,0,0
BRDA:56,5,1,0
BRDA:64,6,0,0
BRDA:64,6,1,0
BRDA:66,7,0,0
BRDA:68,8,0,0
BRDA:68,8,1,0
BRDA:82,9,0,0
BRDA:82,9,1,0
BRDA:83,10,0,0
BRDA:83,10,1,0
BRDA:83,11,0,0
BRDA:83,11,1,0
BRDA:90,12,0,1
BRDA:90,12,1,1
BRDA:92,13,0,1
BRDA:97,14,0,0
BRDA:99,15,0,0
BRDA:100,16,0,0
BRDA:100,16,1,0
BRDA:106,17,0,0
BRDA:106,17,1,0
BRDA:106,18,0,0
BRDA:106,18,1,0
BRDA:126,19,0,0
BRDA:126,19,1,0
BRDA:143,20,0,0
BRDA:143,20,1,0
BRDA:144,21,0,0
BRDA:144,21,1,0
BRDA:173,22,0,0
BRDA:173,22,1,0
BRDA:173,22,2,0
BRDA:173,22,3,0
BRDA:218,23,0,0
BRDA:231,24,0,0
BRDA:231,24,1,0
BRDA:233,25,0,0
BRDA:250,26,0,0
BRDA:250,26,1,0
BRDA:251,27,0,0
BRDA:251,27,1,0
BRDA:253,28,0,0
BRDA:254,29,0,0
BRF:51
BRH:4
end_of_record
TN:
SF:src\core\adapters\base\databaseAdapter.ts
FN:8,(anonymous_0)
FN:19,(anonymous_1)
FN:42,(anonymous_2)
FN:60,(anonymous_3)
FN:62,(anonymous_4)
FN:74,(anonymous_5)
FN:82,(anonymous_6)
FN:87,(anonymous_7)
FN:93,(anonymous_8)
FN:99,(anonymous_9)
FNF:10
FNH:0
FNDA:0,(anonymous_0)
FNDA:0,(anonymous_1)
FNDA:0,(anonymous_2)
FNDA:0,(anonymous_3)
FNDA:0,(anonymous_4)
FNDA:0,(anonymous_5)
FNDA:0,(anonymous_6)
FNDA:0,(anonymous_7)
FNDA:0,(anonymous_8)
FNDA:0,(anonymous_9)
DA:2,1
DA:8,1
DA:14,0
DA:20,0
DA:21,0
DA:24,0
DA:25,0
DA:33,0
DA:36,0
DA:37,0
DA:41,0
DA:42,0
DA:43,0
DA:44,0
DA:53,0
DA:61,0
DA:62,0
DA:63,0
DA:64,0
DA:73,0
DA:74,0
DA:75,0
DA:83,0
DA:84,0
DA:88,0
DA:94,0
DA:95,0
DA:105,0
DA:116,0
DA:117,0
DA:124,0
LF:31
LH:2
BRDA:24,0,0,0
BRDA:36,1,0,0
BRDA:41,2,0,0
BRDA:43,3,0,0
BRDA:61,4,0,0
BRDA:63,5,0,0
BRDA:73,6,0,0
BRDA:94,7,0,0
BRDA:116,8,0,0
BRDA:118,9,0,0
BRDA:118,9,1,0
BRDA:119,10,0,0
BRDA:119,10,1,0
BRDA:120,11,0,0
BRDA:120,11,1,0
BRF:15
BRH:0
end_of_record
TN:
SF:src\core\adapters\base\relationship\RelationshipRegistry.ts
FN:11,(anonymous_0)
FN:17,(anonymous_1)
FN:25,(anonymous_2)
FN:49,(anonymous_3)
FN:57,(anonymous_4)
FN:73,(anonymous_5)
FN:81,(anonymous_6)
FN:89,(anonymous_7)
FN:96,(anonymous_8)
FN:103,(anonymous_9)
FN:111,(anonymous_10)
FN:128,(anonymous_11)
FN:129,(anonymous_12)
FN:130,(anonymous_13)
FNF:14
FNH:0
FNDA:0,(anonymous_0)
FNDA:0,(anonymous_1)
FNDA:0,(anonymous_2)
FNDA:0,(anonymous_3)
FNDA:0,(anonymous_4)
FNDA:0,(anonymous_5)
FNDA:0,(anonymous_6)
FNDA:0,(anonymous_7)
FNDA:0,(anonymous_8)
FNDA:0,(anonymous_9)
FNDA:0,(anonymous_10)
FNDA:0,(anonymous_11)
FNDA:0,(anonymous_12)
FNDA:0,(anonymous_13)
DA:2,1
DA:3,1
DA:4,1
DA:5,1
DA:11,1
DA:12,0
DA:18,0
DA:19,0
DA:27,0
DA:29,0
DA:30,0
DA:32,0
DA:33,0
DA:35,0
DA:36,0
DA:38,0
DA:39,0
DA:41,0
DA:43,0
DA:50,0
DA:51,0
DA:58,0
DA:59,0
DA:61,0
DA:62,0
DA:63,0
DA:67,0
DA:74,0
DA:75,0
DA:82,0
DA:83,0
DA:90,0
DA:97,0
DA:104,0
DA:112,0
DA:114,0
DA:115,0
DA:116,0
DA:117,0
DA:119,0
DA:122,0
DA:129,0
DA:130,0
DA:131,0
LF:44
LH:5
BRDA:27,0,0,0
BRDA:27,0,1,0
BRDA:27,0,2,0
BRDA:27,0,3,0
BRDA:27,0,4,0
BRDA:62,1,0,0
BRDA:116,2,0,0
BRF:7
BRH:0
end_of_record
TN:
SF:src\core\adapters\base\relationship\mainRelationship.ts
FN:9,(anonymous_0)
FN:18,(anonymous_1)
FN:21,(anonymous_2)
FN:24,(anonymous_3)
FN:27,(anonymous_4)
FN:30,(anonymous_5)
FN:33,(anonymous_6)
FN:40,(anonymous_7)
FN:53,(anonymous_8)
FN:70,(anonymous_9)
FN:97,(anonymous_10)
FN:108,(anonymous_11)
FN:110,(anonymous_12)
FNF:13
FNH:0
FNDA:0,(anonymous_0)
FNDA:0,(anonymous_1)
FNDA:0,(anonymous_2)
FNDA:0,(anonymous_3)
FNDA:0,(anonymous_4)
FNDA:0,(anonymous_5)
FNDA:0,(anonymous_6)
FNDA:0,(anonymous_7)
FNDA:0,(anonymous_8)
FNDA:0,(anonymous_9)
FNDA:0,(anonymous_10)
FNDA:0,(anonymous_11)
FNDA:0,(anonymous_12)
DA:6,1
DA:10,0
DA:19,0
DA:22,0
DA:25,0
DA:28,0
DA:31,0
DA:34,0
DA:41,0
DA:56,0
DA:58,0
DA:60,0
DA:63,0
DA:71,0
DA:74,0
DA:75,0
DA:79,0
DA:80,0
DA:81,0
DA:85,0
DA:86,0
DA:90,0
DA:91,0
DA:95,0
DA:96,0
DA:97,0
DA:98,0
DA:102,0
DA:109,0
DA:110,0
DA:111,0
DA:112,0
DA:114,0
LF:33
LH:1
BRDA:42,0,0,0
BRDA:42,0,1,0
BRDA:42,0,2,0
BRDA:42,0,3,0
BRDA:42,0,4,0
BRDA:56,1,0,0
BRDA:56,1,1,0
BRDA:56,1,2,0
BRDA:56,1,3,0
BRDA:74,2,0,0
BRDA:74,3,0,0
BRDA:74,3,1,0
BRDA:79,4,0,0
BRDA:79,5,0,0
BRDA:79,5,1,0
BRDA:85,6,0,0
BRDA:85,7,0,0
BRDA:85,7,1,0
BRDA:90,8,0,0
BRDA:90,9,0,0
BRDA:90,9,1,0
BRDA:95,10,0,0
BRDA:95,11,0,0
BRDA:95,11,1,0
BRDA:112,12,0,0
BRDA:112,12,1,0
BRF:26
BRH:0
end_of_record
TN:
SF:src\core\adapters\base\relationship\manyToManyRelationship.ts
FN:11,(anonymous_0)
FN:19,(anonymous_1)
FN:27,(anonymous_2)
FN:59,(anonymous_3)
FNF:4
FNH:0
FNDA:0,(anonymous_0)
FNDA:0,(anonymous_1)
FNDA:0,(anonymous_2)
FNDA:0,(anonymous_3)
DA:1,1
DA:8,1
DA:12,0
DA:13,0
DA:14,0
DA:16,0
DA:20,0
DA:29,0
DA:39,0
DA:52,0
DA:56,0
DA:60,0
LF:12
LH:2
BRDA:13,0,0,0
BRDA:44,1,0,0
BRDA:44,1,1,0
BRDA:45,2,0,0
BRDA:45,2,1,0
BRF:5
BRH:0
end_of_record
TN:
SF:src\core\adapters\base\relationship\manyToOneRelationship.ts
FN:9,(anonymous_0)
FN:17,(anonymous_1)
FN:31,(anonymous_2)
FNF:3
FNH:0
FNDA:0,(anonymous_0)
FNDA:0,(anonymous_1)
FNDA:0,(anonymous_2)
DA:1,1
DA:8,1
DA:10,0
DA:18,0
DA:20,0
DA:32,0
LF:6
LH:2
BRDA:25,0,0,0
BRDA:25,0,1,0
BRDA:26,1,0,0
BRDA:26,1,1,0
BRF:4
BRH:0
end_of_record
TN:
SF:src\core\adapters\base\relationship\oneToManyRelationship.ts
FN:9,(anonymous_0)
FN:17,(anonymous_1)
FN:31,(anonymous_2)
FNF:3
FNH:0
FNDA:0,(anonymous_0)
FNDA:0,(anonymous_1)
FNDA:0,(anonymous_2)
DA:1,1
DA:8,1
DA:10,0
DA:18,0
DA:20,0
DA:32,0
LF:6
LH:2
BRDA:25,0,0,0
BRDA:25,0,1,0
BRDA:26,1,0,0
BRDA:26,1,1,0
BRF:4
BRH:0
end_of_record
TN:
SF:src\core\adapters\base\relationship\oneToOneRelationship.ts
FN:9,(anonymous_0)
FN:17,(anonymous_1)
FN:31,(anonymous_2)
FNF:3
FNH:0
FNDA:0,(anonymous_0)
FNDA:0,(anonymous_1)
FNDA:0,(anonymous_2)
DA:1,1
DA:8,1
DA:10,0
DA:18,0
DA:20,0
DA:32,0
LF:6
LH:2
BRDA:25,0,0,0
BRDA:25,0,1,0
BRDA:26,1,0,0
BRDA:26,1,1,0
BRF:4
BRH:0
end_of_record
TN:
SF:src\core\adapters\elasticsearch\elasticsearchAdapter.ts
FN:19,(anonymous_9)
FN:29,(anonymous_10)
FN:77,(anonymous_11)
FN:94,(anonymous_12)
FN:126,(anonymous_13)
FN:154,(anonymous_14)
FN:161,(anonymous_15)
FN:177,(anonymous_16)
FN:191,(anonymous_17)
FN:196,(anonymous_18)
FN:197,(anonymous_19)
FN:205,(anonymous_20)
FN:206,(anonymous_21)
FN:215,(anonymous_22)
FN:216,(anonymous_23)
FN:223,(anonymous_24)
FN:224,(anonymous_25)
FN:244,(anonymous_26)
FN:334,(anonymous_27)
FN:339,(anonymous_28)
FN:345,(anonymous_29)
FN:346,(anonymous_30)
FN:356,(anonymous_31)
FN:359,(anonymous_32)
FN:375,(anonymous_33)
FN:379,(anonymous_34)
FNF:26
FNH:0
FNDA:0,(anonymous_9)
FNDA:0,(anonymous_10)
FNDA:0,(anonymous_11)
FNDA:0,(anonymous_12)
FNDA:0,(anonymous_13)
FNDA:0,(anonymous_14)
FNDA:0,(anonymous_15)
FNDA:0,(anonymous_16)
FNDA:0,(anonymous_17)
FNDA:0,(anonymous_18)
FNDA:0,(anonymous_19)
FNDA:0,(anonymous_20)
FNDA:0,(anonymous_21)
FNDA:0,(anonymous_22)
FNDA:0,(anonymous_23)
FNDA:0,(anonymous_24)
FNDA:0,(anonymous_25)
FNDA:0,(anonymous_26)
FNDA:0,(anonymous_27)
FNDA:0,(anonymous_28)
FNDA:0,(anonymous_29)
FNDA:0,(anonymous_30)
FNDA:0,(anonymous_31)
FNDA:0,(anonymous_32)
FNDA:0,(anonymous_33)
FNDA:0,(anonymous_34)
DA:14,1
DA:19,1
DA:20,0
DA:21,0
DA:22,0
DA:30,0
DA:42,0
DA:43,0
DA:47,0
DA:48,0
DA:52,0
DA:53,0
DA:57,0
DA:58,0
DA:59,0
DA:61,0
DA:62,0
DA:67,0
DA:68,0
DA:71,0
DA:83,0
DA:85,0
DA:86,0
DA:89,0
DA:91,0
DA:92,0
DA:94,0
DA:100,0
DA:102,0
DA:105,0
DA:106,0
DA:110,0
DA:111,0
DA:114,0
DA:117,0
DA:119,0
DA:127,0
DA:155,0
DA:157,0
DA:158,0
DA:159,0
DA:161,0
DA:163,0
DA:178,0
DA:179,0
DA:181,0
DA:182,0
DA:184,0
DA:192,0
DA:193,0
DA:196,0
DA:197,0
DA:201,0
DA:202,0
DA:205,0
DA:206,0
DA:211,0
DA:212,0
DA:215,0
DA:216,0
DA:222,0
DA:223,0
DA:224,0
DA:227,0
DA:228,0
DA:229,0
DA:230,0
DA:236,0
DA:245,0
DA:247,0
DA:249,0
DA:252,0
DA:259,0
DA:262,0
DA:265,0
DA:268,0
DA:271,0
DA:272,0
DA:275,0
DA:276,0
DA:283,0
DA:288,0
DA:295,0
DA:299,0
DA:306,0
DA:313,0
DA:320,0
DA:327,0
DA:335,0
DA:336,0
DA:339,0
DA:346,0
DA:357,0
DA:359,0
DA:362,0
DA:369,0
DA:376,0
DA:380,0
LF:98
LH:2
BRDA:42,0,0,0
BRDA:47,1,0,0
BRDA:47,2,0,0
BRDA:47,2,1,0
BRDA:52,3,0,0
BRDA:52,4,0,0
BRDA:52,4,1,0
BRDA:57,5,0,0
BRDA:58,6,0,0
BRDA:61,7,0,0
BRDA:67,8,0,0
BRDA:67,9,0,0
BRDA:67,9,1,0
BRDA:85,10,0,0
BRDA:105,11,0,0
BRDA:106,12,0,0
BRDA:106,12,1,0
BRDA:110,13,0,0
BRDA:157,14,0,0
BRDA:157,14,1,0
BRDA:159,15,0,0
BRDA:164,16,0,0
BRDA:164,16,1,0
BRDA:165,17,0,0
BRDA:165,17,1,0
BRDA:165,18,0,0
BRDA:165,18,1,0
BRDA:166,19,0,0
BRDA:166,19,1,0
BRDA:166,20,0,0
BRDA:166,20,1,0
BRDA:179,21,0,0
BRDA:192,22,0,0
BRDA:192,22,1,0
BRDA:196,23,0,0
BRDA:196,23,1,0
BRDA:197,24,0,0
BRDA:197,24,1,0
BRDA:201,25,0,0
BRDA:201,25,1,0
BRDA:205,26,0,0
BRDA:205,26,1,0
BRDA:206,27,0,0
BRDA:206,27,1,0
BRDA:211,28,0,0
BRDA:211,28,1,0
BRDA:215,29,0,0
BRDA:215,29,1,0
BRDA:216,30,0,0
BRDA:216,30,1,0
BRDA:223,31,0,0
BRDA:223,31,1,0
BRDA:224,32,0,0
BRDA:224,32,1,0
BRDA:227,33,0,0
BRDA:227,33,1,0
BRDA:229,34,0,0
BRDA:229,34,1,0
BRDA:247,35,0,0
BRDA:247,35,1,0
BRDA:247,35,2,0
BRDA:247,35,3,0
BRDA:247,35,4,0
BRDA:247,35,5,0
BRDA:247,35,6,0
BRDA:247,35,7,0
BRDA:247,35,8,0
BRDA:247,35,9,0
BRDA:247,35,10,0
BRDA:247,35,11,0
BRDA:247,35,12,0
BRDA:247,35,13,0
BRDA:247,35,14,0
BRDA:247,35,15,0
BRDA:247,35,16,0
BRDA:271,36,0,0
BRDA:271,36,1,0
BRDA:275,37,0,0
BRDA:275,37,1,0
BRDA:283,38,0,0
BRDA:283,38,1,0
BRDA:335,39,0,0
BRDA:348,40,0,0
BRDA:348,40,1,0
BRDA:364,41,0,0
BRDA:364,41,1,0
BRDA:376,42,0,0
BRDA:376,42,1,0
BRF:88
BRH:0
end_of_record
TN:
SF:src\core\adapters\mongodb\mongodbAdapter.ts
FN:33,(anonymous_0)
FN:39,(anonymous_1)
FN:46,(anonymous_2)
FN:129,(anonymous_3)
FN:168,(anonymous_4)
FN:190,(anonymous_5)
FN:200,(anonymous_6)
FNF:7
FNH:0
FNDA:0,(anonymous_0)
FNDA:0,(anonymous_1)
FNDA:0,(anonymous_2)
FNDA:0,(anonymous_3)
FNDA:0,(anonymous_4)
FNDA:0,(anonymous_5)
FNDA:0,(anonymous_6)
DA:12,1
DA:14,1
DA:16,1
DA:17,1
DA:23,1
DA:24,0
DA:25,0
DA:26,0
DA:34,0
DA:35,0
DA:37,0
DA:40,0
DA:52,0
DA:53,0
DA:54,0
DA:56,0
DA:57,0
DA:58,0
DA:60,0
DA:61,0
DA:62,0
DA:63,0
DA:64,0
DA:66,0
DA:68,0
DA:69,0
DA:70,0
DA:73,0
DA:77,0
DA:78,0
DA:79,0
DA:81,0
DA:84,0
DA:88,0
DA:89,0
DA:90,0
DA:92,0
DA:95,0
DA:96,0
DA:97,0
DA:100,0
DA:104,0
DA:105,0
DA:111,0
DA:112,0
DA:121,0
DA:123,0
DA:130,0
DA:169,0
DA:173,0
DA:174,0
DA:175,0
DA:176,0
DA:177,0
DA:180,0
DA:182,0
DA:183,0
DA:185,0
DA:186,0
DA:187,0
DA:191,0
DA:192,0
DA:193,0
DA:194,0
DA:196,0
DA:201,0
LF:66
LH:5
BRDA:36,0,0,0
BRDA:36,0,1,0
BRDA:53,1,0,0
BRDA:61,2,0,0
BRDA:61,2,1,0
BRDA:64,3,0,0
BRDA:66,4,0,0
BRDA:66,4,1,0
BRDA:66,4,2,0
BRDA:66,4,3,0
BRDA:66,4,4,0
BRDA:77,5,0,0
BRDA:79,6,0,0
BRDA:79,6,1,0
BRDA:88,7,0,0
BRDA:90,8,0,0
BRDA:90,8,1,0
BRDA:111,9,0,0
BRDA:114,10,0,0
BRDA:114,10,1,0
BRDA:115,11,0,0
BRDA:115,11,1,0
BRDA:116,12,0,0
BRDA:116,12,1,0
BRDA:117,13,0,0
BRDA:117,13,1,0
BRDA:173,14,0,0
BRDA:173,14,1,0
BRDA:176,15,0,0
BRDA:182,16,0,0
BRDA:182,17,0,0
BRDA:182,17,1,0
BRDA:192,18,0,0
BRF:33
BRH:0
end_of_record
TN:
SF:src\core\adapters\mongodb\converters\FilterConverter.ts
FN:8,(anonymous_0)
FN:13,(anonymous_1)
FN:32,(anonymous_2)
FN:56,(anonymous_3)
FN:118,(anonymous_4)
FN:121,(anonymous_5)
FNF:6
FNH:0
FNDA:0,(anonymous_0)
FNDA:0,(anonymous_1)
FNDA:0,(anonymous_2)
FNDA:0,(anonymous_3)
FNDA:0,(anonymous_4)
FNDA:0,(anonymous_5)
DA:2,1
DA:4,1
DA:9,0
DA:12,0
DA:13,0
DA:14,0
DA:17,0
DA:18,0
DA:19,0
DA:20,0
DA:21,0
DA:23,0
DA:26,0
DA:31,0
DA:32,0
DA:33,0
DA:36,0
DA:37,0
DA:38,0
DA:39,0
DA:42,0
DA:43,0
DA:45,0
DA:50,0
DA:57,0
DA:59,0
DA:61,0
DA:64,0
DA:67,0
DA:70,0
DA:73,0
DA:76,0
DA:79,0
DA:82,0
DA:85,0
DA:88,0
DA:91,0
DA:94,0
DA:98,0
DA:99,0
DA:102,0
DA:105,0
DA:108,0
DA:111,0
DA:119,0
DA:121,0
DA:122,0
DA:125,0
DA:126,0
DA:127,0
DA:128,0
DA:131,0
DA:135,0
DA:137,0
DA:138,0
DA:140,0
DA:141,0
DA:143,0
DA:144,0
DA:146,0
DA:147,0
DA:149,0
DA:150,0
DA:152,0
DA:153,0
DA:155,0
DA:156,0
DA:158,0
DA:159,0
DA:161,0
DA:162,0
DA:163,0
DA:165,0
DA:166,0
DA:168,0
DA:169,0
DA:171,0
DA:172,0
DA:174,0
DA:175,0
DA:177,0
DA:181,0
LF:82
LH:2
BRDA:12,0,0,0
BRDA:12,1,0,0
BRDA:12,1,1,0
BRDA:17,2,0,0
BRDA:17,2,1,0
BRDA:19,3,0,0
BRDA:19,3,1,0
BRDA:21,4,0,0
BRDA:21,4,1,0
BRDA:21,5,0,0
BRDA:21,5,1,0
BRDA:31,6,0,0
BRDA:31,7,0,0
BRDA:31,7,1,0
BRDA:36,8,0,0
BRDA:36,8,1,0
BRDA:38,9,0,0
BRDA:38,9,1,0
BRDA:42,10,0,0
BRDA:42,10,1,0
BRDA:59,11,0,0
BRDA:59,11,1,0
BRDA:59,11,2,0
BRDA:59,11,3,0
BRDA:59,11,4,0
BRDA:59,11,5,0
BRDA:59,11,6,0
BRDA:59,11,7,0
BRDA:59,11,8,0
BRDA:59,11,9,0
BRDA:59,11,10,0
BRDA:59,11,11,0
BRDA:59,11,12,0
BRDA:59,11,13,0
BRDA:59,11,14,0
BRDA:59,11,15,0
BRDA:59,11,16,0
BRDA:59,11,17,0
BRDA:79,12,0,0
BRDA:79,12,1,0
BRDA:82,13,0,0
BRDA:82,13,1,0
BRDA:126,14,0,0
BRDA:126,15,0,0
BRDA:126,15,1,0
BRDA:135,16,0,0
BRDA:135,16,1,0
BRDA:135,16,2,0
BRDA:135,16,3,0
BRDA:135,16,4,0
BRDA:135,16,5,0
BRDA:135,16,6,0
BRDA:135,16,7,0
BRDA:135,16,8,0
BRDA:135,16,9,0
BRDA:135,16,10,0
BRDA:135,16,11,0
BRDA:135,16,12,0
BRDA:135,16,13,0
BRF:59
BRH:0
end_of_record
TN:
SF:src\core\adapters\mongodb\converters\JoinConverter.ts
FN:8,(anonymous_0)
FN:15,(anonymous_1)
FN:17,(anonymous_2)
FN:34,(anonymous_3)
FN:43,(anonymous_4)
FN:78,(anonymous_5)
FN:118,(anonymous_6)
FN:228,(anonymous_7)
FN:319,(anonymous_8)
FN:331,(anonymous_9)
FNF:10
FNH:0
FNDA:0,(anonymous_0)
FNDA:0,(anonymous_1)
FNDA:0,(anonymous_2)
FNDA:0,(anonymous_3)
FNDA:0,(anonymous_4)
FNDA:0,(anonymous_5)
FNDA:0,(anonymous_6)
FNDA:0,(anonymous_7)
FNDA:0,(anonymous_8)
FNDA:0,(anonymous_9)
DA:3,1
DA:5,1
DA:9,0
DA:16,0
DA:17,0
DA:18,0
DA:19,0
DA:20,0
DA:21,0
DA:23,0
DA:28,0
DA:36,0
DA:37,0
DA:38,0
DA:42,0
DA:43,0
DA:44,0
DA:45,0
DA:50,0
DA:51,0
DA:52,0
DA:65,0
DA:79,0
DA:80,0
DA:81,0
DA:82,0
DA:84,0
DA:85,0
DA:87,0
DA:89,0
DA:99,0
DA:110,0
DA:111,0
DA:117,0
DA:118,0
DA:119,0
DA:120,0
DA:121,0
DA:122,0
DA:123,0
DA:129,0
DA:163,0
DA:220,0
DA:221,0
DA:227,0
DA:228,0
DA:229,0
DA:230,0
DA:231,0
DA:232,0
DA:233,0
DA:238,0
DA:249,0
DA:250,0
DA:312,0
DA:320,0
DA:323,0
DA:324,0
DA:330,0
DA:331,0
DA:332,0
DA:333,0
DA:334,0
DA:335,0
DA:336,0
DA:341,0
LF:66
LH:2
BRDA:19,0,0,0
BRDA:20,1,0,0
BRDA:20,1,1,0
BRDA:37,2,0,0
BRDA:37,3,0,0
BRDA:37,3,1,0
BRDA:38,4,0,0
BRDA:38,4,1,0
BRDA:44,5,0,0
BRDA:50,6,0,0
BRDA:50,7,0,0
BRDA:50,7,1,0
BRDA:57,8,0,0
BRDA:57,8,1,0
BRDA:68,9,0,0
BRDA:68,9,1,0
BRDA:87,10,0,0
BRDA:87,10,1,0
BRDA:87,11,0,0
BRDA:87,11,1,0
BRDA:110,12,0,0
BRDA:117,13,0,0
BRDA:117,14,0,0
BRDA:117,14,1,0
BRDA:120,15,0,0
BRDA:120,15,1,0
BRDA:122,16,0,0
BRDA:153,17,0,0
BRDA:153,17,1,0
BRDA:220,18,0,0
BRDA:227,19,0,0
BRDA:227,20,0,0
BRDA:227,20,1,0
BRDA:230,21,0,0
BRDA:230,21,1,0
BRDA:232,22,0,0
BRDA:243,23,0,0
BRDA:243,23,1,0
BRDA:249,24,0,0
BRDA:249,25,0,0
BRDA:249,25,1,0
BRDA:262,26,0,0
BRDA:262,26,1,0
BRDA:282,27,0,0
BRDA:282,27,1,0
BRDA:323,28,0,0
BRDA:330,29,0,0
BRDA:330,30,0,0
BRDA:330,30,1,0
BRDA:333,31,0,0
BRDA:333,31,1,0
BRDA:335,32,0,0
BRF:52
BRH:0
end_of_record
TN:
SF:src\core\adapters\mongodb\converters\QueryConverter.ts
FN:10,(anonymous_0)
FN:17,(anonymous_1)
FN:34,(anonymous_2)
FN:92,(anonymous_3)
FN:102,(anonymous_4)
FN:115,(anonymous_5)
FN:127,(anonymous_6)
FN:136,(anonymous_7)
FN:147,(anonymous_8)
FN:158,(anonymous_9)
FN:161,(anonymous_10)
FNF:11
FNH:0
FNDA:0,(anonymous_0)
FNDA:0,(anonymous_1)
FNDA:0,(anonymous_2)
FNDA:0,(anonymous_3)
FNDA:0,(anonymous_4)
FNDA:0,(anonymous_5)
FNDA:0,(anonymous_6)
FNDA:0,(anonymous_7)
FNDA:0,(anonymous_8)
FNDA:0,(anonymous_9)
FNDA:0,(anonymous_10)
DA:2,1
DA:3,1
DA:7,1
DA:11,0
DA:18,0
DA:20,0
DA:22,0
DA:24,0
DA:27,0
DA:35,0
DA:37,0
DA:38,0
DA:39,0
DA:43,0
DA:44,0
DA:45,0
DA:46,0
DA:48,0
DA:49,0
DA:50,0
DA:51,0
DA:56,0
DA:57,0
DA:58,0
DA:59,0
DA:64,0
DA:65,0
DA:66,0
DA:70,0
DA:71,0
DA:72,0
DA:74,0
DA:75,0
DA:78,0
DA:79,0
DA:81,0
DA:82,0
DA:86,0
DA:93,0
DA:103,0
DA:105,0
DA:116,0
DA:118,0
DA:128,0
DA:130,0
DA:132,0
DA:133,0
DA:136,0
DA:137,0
DA:138,0
DA:140,0
DA:146,0
DA:147,0
DA:148,0
DA:152,0
DA:159,0
DA:161,0
DA:162,0
DA:165,0
LF:59
LH:3
BRDA:18,0,0,0
BRDA:18,0,1,0
BRDA:18,0,2,0
BRDA:18,0,3,0
BRDA:18,0,4,0
BRDA:37,1,0,0
BRDA:37,2,0,0
BRDA:37,2,1,0
BRDA:43,3,0,0
BRDA:43,3,1,0
BRDA:45,4,0,0
BRDA:48,5,0,0
BRDA:48,6,0,0
BRDA:48,6,1,0
BRDA:50,7,0,0
BRDA:56,8,0,0
BRDA:56,9,0,0
BRDA:56,9,1,0
BRDA:56,9,2,0
BRDA:58,10,0,0
BRDA:64,11,0,0
BRDA:64,12,0,0
BRDA:64,12,1,0
BRDA:70,13,0,0
BRDA:70,13,1,0
BRDA:71,14,0,0
BRDA:71,15,0,0
BRDA:71,15,1,0
BRDA:74,16,0,0
BRDA:74,17,0,0
BRDA:74,17,1,0
BRDA:78,18,0,0
BRDA:78,19,0,0
BRDA:78,19,1,0
BRDA:81,20,0,0
BRDA:81,21,0,0
BRDA:81,21,1,0
BRDA:103,22,0,0
BRDA:103,22,1,0
BRDA:106,23,0,0
BRDA:106,23,1,0
BRDA:108,24,0,0
BRDA:108,24,1,0
BRDA:116,25,0,0
BRDA:116,25,1,0
BRDA:130,26,0,0
BRDA:130,27,0,0
BRDA:130,27,1,0
BRDA:132,28,0,0
BRDA:137,29,0,0
BRDA:137,29,1,0
BRDA:146,30,0,0
BRDA:162,31,0,0
BRDA:162,31,1,0
BRF:54
BRH:0
end_of_record
TN:
SF:src\core\adapters\mysql\mysqlAdapter.ts
FN:20,(anonymous_9)
FN:30,(anonymous_10)
FN:66,(anonymous_11)
FN:105,(anonymous_12)
FN:131,(anonymous_13)
FN:138,(anonymous_14)
FN:161,(anonymous_15)
FN:178,(anonymous_16)
FN:185,(anonymous_17)
FN:198,(anonymous_18)
FN:212,(anonymous_19)
FN:216,(anonymous_20)
FN:227,(anonymous_21)
FN:239,(anonymous_22)
FN:259,(anonymous_23)
FN:280,(anonymous_24)
FN:289,(anonymous_25)
FN:294,(anonymous_26)
FN:302,(anonymous_27)
FN:325,(anonymous_28)
FN:355,(anonymous_29)
FN:361,(anonymous_30)
FN:390,(anonymous_31)
FN:393,(anonymous_32)
FN:406,(anonymous_33)
FN:428,(anonymous_34)
FN:429,(anonymous_35)
FN:435,(anonymous_36)
FN:439,(anonymous_37)
FNF:29
FNH:0
FNDA:0,(anonymous_9)
FNDA:0,(anonymous_10)
FNDA:0,(anonymous_11)
FNDA:0,(anonymous_12)
FNDA:0,(anonymous_13)
FNDA:0,(anonymous_14)
FNDA:0,(anonymous_15)
FNDA:0,(anonymous_16)
FNDA:0,(anonymous_17)
FNDA:0,(anonymous_18)
FNDA:0,(anonymous_19)
FNDA:0,(anonymous_20)
FNDA:0,(anonymous_21)
FNDA:0,(anonymous_22)
FNDA:0,(anonymous_23)
FNDA:0,(anonymous_24)
FNDA:0,(anonymous_25)
FNDA:0,(anonymous_26)
FNDA:0,(anonymous_27)
FNDA:0,(anonymous_28)
FNDA:0,(anonymous_29)
FNDA:0,(anonymous_30)
FNDA:0,(anonymous_31)
FNDA:0,(anonymous_32)
FNDA:0,(anonymous_33)
FNDA:0,(anonymous_34)
FNDA:0,(anonymous_35)
FNDA:0,(anonymous_36)
FNDA:0,(anonymous_37)
DA:15,1
DA:20,1
DA:21,0
DA:22,0
DA:23,0
DA:31,0
DA:37,0
DA:40,0
DA:43,0
DA:46,0
DA:49,0
DA:52,0
DA:60,0
DA:72,0
DA:74,0
DA:75,0
DA:78,0
DA:80,0
DA:81,0
DA:83,0
DA:84,0
DA:90,0
DA:91,0
DA:93,0
DA:95,0
DA:98,0
DA:106,0
DA:132,0
DA:134,0
DA:135,0
DA:136,0
DA:138,0
DA:141,0
DA:151,0
DA:152,0
DA:154,0
DA:162,0
DA:163,0
DA:165,0
DA:166,0
DA:167,0
DA:169,0
DA:171,0
DA:179,0
DA:180,0
DA:183,0
DA:185,0
DA:186,0
DA:187,0
DA:188,0
DA:190,0
DA:192,0
DA:197,0
DA:198,0
DA:199,0
DA:202,0
DA:206,0
DA:213,0
DA:215,0
DA:216,0
DA:217,0
DA:221,0
DA:228,0
DA:229,0
DA:231,0
DA:233,0
DA:234,0
DA:238,0
DA:239,0
DA:240,0
DA:243,0
DA:247,0
DA:250,0
DA:253,0
DA:260,0
DA:264,0
DA:267,0
DA:269,0
DA:271,0
DA:273,0
DA:281,0
DA:283,0
DA:290,0
DA:293,0
DA:294,0
DA:295,0
DA:297,0
DA:301,0
DA:302,0
DA:303,0
DA:305,0
DA:308,0
DA:311,0
DA:313,0
DA:315,0
DA:318,0
DA:326,0
DA:328,0
DA:330,0
DA:331,0
DA:334,0
DA:335,0
DA:338,0
DA:339,0
DA:342,0
DA:343,0
DA:346,0
DA:347,0
DA:350,0
DA:351,0
DA:354,0
DA:355,0
DA:356,0
DA:357,0
DA:360,0
DA:361,0
DA:362,0
DA:363,0
DA:366,0
DA:367,0
DA:370,0
DA:371,0
DA:374,0
DA:377,0
DA:380,0
DA:383,0
DA:391,0
DA:393,0
DA:394,0
DA:395,0
DA:397,0
DA:400,0
DA:410,0
DA:412,0
DA:413,0
DA:414,0
DA:415,0
DA:417,0
DA:418,0
DA:422,0
DA:429,0
DA:436,0
DA:440,0
LF:143
LH:2
BRDA:55,0,0,0
BRDA:55,0,1,0
BRDA:56,1,0,0
BRDA:56,1,1,0
BRDA:74,2,0,0
BRDA:87,3,0,0
BRDA:87,3,1,0
BRDA:90,4,0,0
BRDA:90,4,1,0
BRDA:134,5,0,0
BRDA:134,5,1,0
BRDA:136,6,0,0
BRDA:142,7,0,0
BRDA:142,7,1,0
BRDA:143,8,0,0
BRDA:143,8,1,0
BRDA:148,9,0,0
BRDA:148,9,1,0
BRDA:151,10,0,0
BRDA:151,11,0,0
BRDA:151,11,1,0
BRDA:163,12,0,0
BRDA:179,13,0,0
BRDA:179,14,0,0
BRDA:179,14,1,0
BRDA:186,15,0,0
BRDA:186,15,1,0
BRDA:188,16,0,0
BRDA:188,16,1,0
BRDA:197,17,0,0
BRDA:199,18,0,0
BRDA:199,18,1,0
BRDA:215,19,0,0
BRDA:215,20,0,0
BRDA:215,20,1,0
BRDA:229,21,0,0
BRDA:229,21,1,0
BRDA:233,22,0,0
BRDA:238,23,0,0
BRDA:238,24,0,0
BRDA:238,24,1,0
BRDA:240,25,0,0
BRDA:240,25,1,0
BRDA:243,26,0,0
BRDA:243,26,1,0
BRDA:260,27,0,0
BRDA:260,27,1,0
BRDA:260,27,2,0
BRDA:260,27,3,0
BRDA:260,27,4,0
BRDA:260,27,5,0
BRDA:260,27,6,0
BRDA:260,27,7,0
BRDA:281,28,0,0
BRDA:293,29,0,0
BRDA:293,30,0,0
BRDA:293,30,1,0
BRDA:301,31,0,0
BRDA:301,32,0,0
BRDA:301,32,1,0
BRDA:308,33,0,0
BRDA:311,34,0,0
BRDA:311,34,1,0
BRDA:311,34,2,0
BRDA:311,34,3,0
BRDA:328,35,0,0
BRDA:328,35,1,0
BRDA:328,35,2,0
BRDA:328,35,3,0
BRDA:328,35,4,0
BRDA:328,35,5,0
BRDA:328,35,6,0
BRDA:328,35,7,0
BRDA:328,35,8,0
BRDA:328,35,9,0
BRDA:328,35,10,0
BRDA:328,35,11,0
BRDA:328,35,12,0
BRDA:328,35,13,0
BRDA:354,36,0,0
BRDA:354,36,1,0
BRDA:360,37,0,0
BRDA:360,37,1,0
BRDA:380,38,0,0
BRDA:380,38,1,0
BRDA:391,39,0,0
BRDA:391,40,0,0
BRDA:391,40,1,0
BRDA:412,41,0,0
BRDA:413,42,0,0
BRDA:413,42,1,0
BRDA:436,43,0,0
BRDA:436,43,1,0
BRF:93
BRH:0
end_of_record
TN:
SF:src\core\adapters\postgresql\postgresqlAdapter.ts
FN:20,(anonymous_9)
FN:30,(anonymous_10)
FN:67,(anonymous_11)
FN:106,(anonymous_12)
FN:132,(anonymous_13)
FN:139,(anonymous_14)
FN:156,(anonymous_15)
FN:173,(anonymous_16)
FN:180,(anonymous_17)
FN:193,(anonymous_18)
FN:207,(anonymous_19)
FN:211,(anonymous_20)
FN:222,(anonymous_21)
FN:234,(anonymous_22)
FN:254,(anonymous_23)
FN:275,(anonymous_24)
FN:284,(anonymous_25)
FN:289,(anonymous_26)
FN:297,(anonymous_27)
FN:320,(anonymous_28)
FN:388,(anonymous_29)
FN:391,(anonymous_30)
FN:405,(anonymous_31)
FN:427,(anonymous_32)
FN:428,(anonymous_33)
FN:434,(anonymous_34)
FN:438,(anonymous_35)
FNF:27
FNH:0
FNDA:0,(anonymous_9)
FNDA:0,(anonymous_10)
FNDA:0,(anonymous_11)
FNDA:0,(anonymous_12)
FNDA:0,(anonymous_13)
FNDA:0,(anonymous_14)
FNDA:0,(anonymous_15)
FNDA:0,(anonymous_16)
FNDA:0,(anonymous_17)
FNDA:0,(anonymous_18)
FNDA:0,(anonymous_19)
FNDA:0,(anonymous_20)
FNDA:0,(anonymous_21)
FNDA:0,(anonymous_22)
FNDA:0,(anonymous_23)
FNDA:0,(anonymous_24)
FNDA:0,(anonymous_25)
FNDA:0,(anonymous_26)
FNDA:0,(anonymous_27)
FNDA:0,(anonymous_28)
FNDA:0,(anonymous_29)
FNDA:0,(anonymous_30)
FNDA:0,(anonymous_31)
FNDA:0,(anonymous_32)
FNDA:0,(anonymous_33)
FNDA:0,(anonymous_34)
FNDA:0,(anonymous_35)
DA:15,1
DA:20,1
DA:21,0
DA:22,0
DA:23,0
DA:31,0
DA:38,0
DA:41,0
DA:44,0
DA:47,0
DA:50,0
DA:53,0
DA:61,0
DA:73,0
DA:75,0
DA:76,0
DA:79,0
DA:81,0
DA:82,0
DA:84,0
DA:85,0
DA:91,0
DA:92,0
DA:94,0
DA:96,0
DA:99,0
DA:107,0
DA:133,0
DA:135,0
DA:136,0
DA:137,0
DA:139,0
DA:141,0
DA:157,0
DA:158,0
DA:160,0
DA:161,0
DA:162,0
DA:164,0
DA:166,0
DA:174,0
DA:175,0
DA:178,0
DA:180,0
DA:181,0
DA:182,0
DA:183,0
DA:185,0
DA:187,0
DA:192,0
DA:193,0
DA:194,0
DA:197,0
DA:201,0
DA:208,0
DA:210,0
DA:211,0
DA:212,0
DA:216,0
DA:223,0
DA:224,0
DA:226,0
DA:228,0
DA:229,0
DA:233,0
DA:234,0
DA:235,0
DA:238,0
DA:242,0
DA:245,0
DA:248,0
DA:255,0
DA:259,0
DA:262,0
DA:264,0
DA:266,0
DA:268,0
DA:276,0
DA:278,0
DA:285,0
DA:288,0
DA:289,0
DA:290,0
DA:292,0
DA:296,0
DA:297,0
DA:298,0
DA:300,0
DA:303,0
DA:306,0
DA:308,0
DA:310,0
DA:313,0
DA:321,0
DA:322,0
DA:324,0
DA:326,0
DA:327,0
DA:330,0
DA:331,0
DA:334,0
DA:335,0
DA:338,0
DA:339,0
DA:342,0
DA:343,0
DA:346,0
DA:347,0
DA:350,0
DA:351,0
DA:352,0
DA:355,0
DA:356,0
DA:357,0
DA:360,0
DA:361,0
DA:364,0
DA:365,0
DA:368,0
DA:369,0
DA:372,0
DA:375,0
DA:378,0
DA:381,0
DA:389,0
DA:391,0
DA:392,0
DA:393,0
DA:394,0
DA:396,0
DA:399,0
DA:409,0
DA:411,0
DA:412,0
DA:413,0
DA:416,0
DA:417,0
DA:418,0
DA:421,0
DA:428,0
DA:435,0
DA:439,0
LF:142
LH:2
BRDA:56,0,0,0
BRDA:56,0,1,0
BRDA:57,1,0,0
BRDA:57,1,1,0
BRDA:75,2,0,0
BRDA:88,3,0,0
BRDA:88,3,1,0
BRDA:135,4,0,0
BRDA:135,4,1,0
BRDA:137,5,0,0
BRDA:143,6,0,0
BRDA:143,6,1,0
BRDA:158,7,0,0
BRDA:174,8,0,0
BRDA:174,9,0,0
BRDA:174,9,1,0
BRDA:181,10,0,0
BRDA:181,10,1,0
BRDA:183,11,0,0
BRDA:183,11,1,0
BRDA:192,12,0,0
BRDA:194,13,0,0
BRDA:194,13,1,0
BRDA:210,14,0,0
BRDA:210,15,0,0
BRDA:210,15,1,0
BRDA:224,16,0,0
BRDA:224,16,1,0
BRDA:228,17,0,0
BRDA:233,18,0,0
BRDA:233,19,0,0
BRDA:233,19,1,0
BRDA:235,20,0,0
BRDA:235,20,1,0
BRDA:238,21,0,0
BRDA:238,21,1,0
BRDA:255,22,0,0
BRDA:255,22,1,0
BRDA:255,22,2,0
BRDA:255,22,3,0
BRDA:255,22,4,0
BRDA:255,22,5,0
BRDA:255,22,6,0
BRDA:255,22,7,0
BRDA:276,23,0,0
BRDA:288,24,0,0
BRDA:288,25,0,0
BRDA:288,25,1,0
BRDA:296,26,0,0
BRDA:296,27,0,0
BRDA:296,27,1,0
BRDA:303,28,0,0
BRDA:306,29,0,0
BRDA:306,29,1,0
BRDA:306,29,2,0
BRDA:306,29,3,0
BRDA:324,30,0,0
BRDA:324,30,1,0
BRDA:324,30,2,0
BRDA:324,30,3,0
BRDA:324,30,4,0
BRDA:324,30,5,0
BRDA:324,30,6,0
BRDA:324,30,7,0
BRDA:324,30,8,0
BRDA:324,30,9,0
BRDA:324,30,10,0
BRDA:324,30,11,0
BRDA:324,30,12,0
BRDA:324,30,13,0
BRDA:324,30,14,0
BRDA:350,31,0,0
BRDA:350,31,1,0
BRDA:355,32,0,0
BRDA:355,32,1,0
BRDA:378,33,0,0
BRDA:378,33,1,0
BRDA:389,34,0,0
BRDA:389,35,0,0
BRDA:389,35,1,0
BRDA:394,36,0,0
BRDA:394,36,1,0
BRDA:411,37,0,0
BRDA:416,38,0,0
BRDA:435,39,0,0
BRDA:435,39,1,0
BRF:86
BRH:0
end_of_record
TN:
SF:src\core\converter\queryConverter.ts
FN:22,(anonymous_0)
FN:28,(anonymous_1)
FN:43,(anonymous_2)
FN:65,(anonymous_3)
FN:69,(anonymous_4)
FN:93,(anonymous_5)
FN:107,(anonymous_6)
FN:145,(anonymous_7)
FN:149,(anonymous_8)
FN:167,(anonymous_9)
FN:171,(anonymous_10)
FN:186,(anonymous_11)
FN:194,(anonymous_12)
FN:237,(anonymous_13)
FN:290,(anonymous_14)
FN:308,(anonymous_15)
FN:322,(anonymous_16)
FN:334,(anonymous_17)
FN:359,(anonymous_18)
FN:405,(anonymous_19)
FN:424,(anonymous_20)
FN:483,(anonymous_21)
FN:496,(anonymous_22)
FN:548,(anonymous_23)
FNF:24
FNH:1
FNDA:1,(anonymous_0)
FNDA:0,(anonymous_1)
FNDA:0,(anonymous_2)
FNDA:0,(anonymous_3)
FNDA:0,(anonymous_4)
FNDA:0,(anonymous_5)
FNDA:0,(anonymous_6)
FNDA:0,(anonymous_7)
FNDA:0,(anonymous_8)
FNDA:0,(anonymous_9)
FNDA:0,(anonymous_10)
FNDA:0,(anonymous_11)
FNDA:0,(anonymous_12)
FNDA:0,(anonymous_13)
FNDA:0,(anonymous_14)
FNDA:0,(anonymous_15)
FNDA:0,(anonymous_16)
FNDA:0,(anonymous_17)
FNDA:0,(anonymous_18)
FNDA:0,(anonymous_19)
FNDA:0,(anonymous_20)
FNDA:0,(anonymous_21)
FNDA:0,(anonymous_22)
FNDA:0,(anonymous_23)
DA:14,1
DA:19,1
DA:20,1
DA:29,0
DA:40,0
DA:43,0
DA:44,0
DA:47,0
DA:48,0
DA:49,0
DA:53,0
DA:54,0
DA:55,0
DA:59,0
DA:62,0
DA:66,0
DA:70,0
DA:72,0
DA:73,0
DA:75,0
DA:76,0
DA:78,0
DA:79,0
DA:80,0
DA:83,0
DA:84,0
DA:85,0
DA:87,0
DA:88,0
DA:89,0
DA:94,0
DA:95,0
DA:98,0
DA:105,0
DA:107,0
DA:108,0
DA:110,0
DA:111,0
DA:113,0
DA:114,0
DA:115,0
DA:117,0
DA:119,0
DA:123,0
DA:124,0
DA:128,0
DA:129,0
DA:130,0
DA:131,0
DA:132,0
DA:134,0
DA:135,0
DA:139,0
DA:140,0
DA:146,0
DA:147,0
DA:149,0
DA:150,0
DA:151,0
DA:152,0
DA:157,0
DA:164,0
DA:168,0
DA:172,0
DA:173,0
DA:174,0
DA:175,0
DA:178,0
DA:188,0
DA:191,0
DA:192,0
DA:194,0
DA:199,0
DA:201,0
DA:203,0
DA:204,0
DA:205,0
DA:208,0
DA:209,0
DA:210,0
DA:211,0
DA:213,0
DA:221,0
DA:224,0
DA:225,0
DA:229,0
DA:231,0
DA:239,0
DA:240,0
DA:241,0
DA:245,0
DA:246,0
DA:247,0
DA:248,0
DA:249,0
DA:251,0
DA:252,0
DA:254,0
DA:255,0
DA:256,0
DA:257,0
DA:258,0
DA:259,0
DA:260,0
DA:262,0
DA:263,0
DA:264,0
DA:265,0
DA:266,0
DA:267,0
DA:268,0
DA:269,0
DA:270,0
DA:271,0
DA:272,0
DA:274,0
DA:276,0
DA:279,0
DA:283,0
DA:284,0
DA:287,0
DA:291,0
DA:292,0
DA:293,0
DA:294,0
DA:295,0
DA:296,0
DA:299,0
DA:310,0
DA:311,0
DA:313,0
DA:314,0
DA:315,0
DA:320,0
DA:321,0
DA:322,0
DA:324,0
DA:327,0
DA:336,0
DA:339,0
DA:340,0
DA:343,0
DA:344,0
DA:346,0
DA:347,0
DA:351,0
DA:353,0
DA:356,0
DA:360,0
DA:361,0
DA:362,0
DA:363,0
DA:364,0
DA:366,0
DA:367,0
DA:369,0
DA:370,0
DA:371,0
DA:372,0
DA:373,0
DA:374,0
DA:375,0
DA:377,0
DA:378,0
DA:379,0
DA:380,0
DA:381,0
DA:382,0
DA:383,0
DA:384,0
DA:385,0
DA:386,0
DA:387,0
DA:389,0
DA:391,0
DA:394,0
DA:398,0
DA:399,0
DA:402,0
DA:406,0
DA:409,0
DA:410,0
DA:414,0
DA:416,0
DA:420,0
DA:421,0
DA:426,0
DA:427,0
DA:428,0
DA:431,0
DA:434,0
DA:435,0
DA:437,0
DA:438,0
DA:439,0
DA:440,0
DA:441,0
DA:442,0
DA:443,0
DA:444,0
DA:449,0
DA:450,0
DA:453,0
DA:456,0
DA:459,0
DA:470,0
DA:471,0
DA:472,0
DA:473,0
DA:475,0
DA:476,0
DA:480,0
DA:487,0
DA:492,0
DA:493,0
DA:494,0
DA:496,0
DA:497,0
DA:499,0
DA:500,0
DA:501,0
DA:503,0
DA:505,0
DA:506,0
DA:507,0
DA:509,0
DA:511,0
DA:514,0
DA:515,0
DA:516,0
DA:517,0
DA:518,0
DA:521,0
DA:522,0
DA:523,0
DA:530,0
DA:531,0
DA:534,0
DA:535,0
DA:536,0
DA:538,0
DA:545,0
DA:549,0
DA:551,0
DA:554,0
DA:555,0
DA:556,0
DA:563,0
DA:564,0
DA:570,0
DA:571,0
DA:576,0
LF:252
LH:3
BRDA:28,0,0,0
BRDA:44,1,0,0
BRDA:44,1,1,0
BRDA:47,2,0,0
BRDA:53,3,0,0
BRDA:70,4,0,0
BRDA:70,4,1,0
BRDA:70,4,2,0
BRDA:70,4,3,0
BRDA:70,4,4,0
BRDA:70,4,5,0
BRDA:78,5,0,0
BRDA:78,5,1,0
BRDA:83,6,0,0
BRDA:83,6,1,0
BRDA:87,7,0,0
BRDA:87,7,1,0
BRDA:88,8,0,0
BRDA:88,8,1,0
BRDA:94,9,0,0
BRDA:94,10,0,0
BRDA:94,10,1,0
BRDA:108,11,0,0
BRDA:108,11,1,0
BRDA:111,12,0,0
BRDA:113,13,0,0
BRDA:113,13,1,0
BRDA:114,14,0,0
BRDA:123,15,0,0
BRDA:124,16,0,0
BRDA:124,16,1,0
BRDA:129,17,0,0
BRDA:130,18,0,0
BRDA:131,19,0,0
BRDA:131,19,1,0
BRDA:134,20,0,0
BRDA:134,20,1,0
BRDA:151,21,0,0
BRDA:151,21,1,0
BRDA:168,22,0,0
BRDA:168,22,1,0
BRDA:173,23,0,0
BRDA:174,24,0,0
BRDA:174,24,1,0
BRDA:188,25,0,0
BRDA:188,25,1,0
BRDA:201,26,0,0
BRDA:201,26,1,0
BRDA:209,27,0,0
BRDA:224,28,0,0
BRDA:229,29,0,0
BRDA:240,30,0,0
BRDA:240,31,0,0
BRDA:240,31,1,0
BRDA:254,32,0,0
BRDA:254,32,1,0
BRDA:254,33,0,0
BRDA:254,33,1,0
BRDA:254,33,2,0
BRDA:255,34,0,0
BRDA:255,34,1,0
BRDA:258,35,0,0
BRDA:263,36,0,0
BRDA:263,36,1,0
BRDA:264,37,0,0
BRDA:264,37,1,0
BRDA:267,38,0,0
BRDA:267,38,1,0
BRDA:270,39,0,0
BRDA:270,39,1,0
BRDA:270,40,0,0
BRDA:270,40,1,0
BRDA:271,41,0,0
BRDA:283,42,0,0
BRDA:292,43,0,0
BRDA:293,44,0,0
BRDA:293,44,1,0
BRDA:295,45,0,0
BRDA:295,45,1,0
BRDA:311,46,0,0
BRDA:320,47,0,0
BRDA:320,47,1,0
BRDA:320,48,0,0
BRDA:320,48,1,0
BRDA:336,49,0,0
BRDA:339,50,0,0
BRDA:340,51,0,0
BRDA:343,52,0,0
BRDA:346,53,0,0
BRDA:351,54,0,0
BRDA:351,55,0,0
BRDA:351,55,1,0
BRDA:351,55,2,0
BRDA:351,55,3,0
BRDA:369,56,0,0
BRDA:369,56,1,0
BRDA:369,57,0,0
BRDA:369,57,1,0
BRDA:369,57,2,0
BRDA:370,58,0,0
BRDA:370,58,1,0
BRDA:373,59,0,0
BRDA:378,60,0,0
BRDA:378,60,1,0
BRDA:379,61,0,0
BRDA:379,61,1,0
BRDA:382,62,0,0
BRDA:382,62,1,0
BRDA:385,63,0,0
BRDA:385,63,1,0
BRDA:385,64,0,0
BRDA:385,64,1,0
BRDA:386,65,0,0
BRDA:398,66,0,0
BRDA:409,67,0,0
BRDA:409,68,0,0
BRDA:409,68,1,0
BRDA:414,69,0,0
BRDA:414,70,0,0
BRDA:414,70,1,0
BRDA:414,70,2,0
BRDA:414,70,3,0
BRDA:427,71,0,0
BRDA:438,72,0,0
BRDA:438,72,1,0
BRDA:440,73,0,0
BRDA:442,74,0,0
BRDA:449,75,0,0
BRDA:449,76,0,0
BRDA:449,76,1,0
BRDA:456,77,0,0
BRDA:456,77,1,0
BRDA:470,78,0,0
BRDA:472,79,0,0
BRDA:475,80,0,0
BRDA:475,81,0,0
BRDA:475,81,1,0
BRDA:497,82,0,0
BRDA:497,82,1,0
BRDA:500,83,0,0
BRDA:503,84,0,0
BRDA:503,84,1,0
BRDA:506,85,0,0
BRDA:509,86,0,0
BRDA:509,87,0,0
BRDA:509,87,1,0
BRDA:509,87,2,0
BRDA:514,88,0,0
BRDA:514,89,0,0
BRDA:514,89,1,0
BRDA:514,89,2,0
BRDA:514,89,3,0
BRDA:522,90,0,0
BRDA:530,91,0,0
BRDA:534,92,0,0
BRDA:535,93,0,0
BRDA:535,93,1,0
BRDA:551,94,0,0
BRDA:554,95,0,0
BRDA:554,96,0,0
BRDA:554,96,1,0
BRDA:563,97,0,0
BRDA:570,98,0,0
BRF:163
BRH:0
end_of_record
TN:
SF:src\core\errors\errorCodes.ts
FN:155,getStatusCode
FN:162,getErrorMessage
FN:170,(anonymous_2)
FN:181,getErrorCategory
FNF:4
FNH:3
FNDA:1,getStatusCode
FNDA:1,getErrorMessage
FNDA:1,(anonymous_2)
FNDA:0,getErrorCategory
DA:6,1
DA:57,1
DA:106,1
DA:155,1
DA:156,1
DA:162,1
DA:163,1
DA:164,1
DA:170,1
DA:171,1
DA:172,1
DA:173,1
DA:174,1
DA:175,1
DA:181,1
DA:182,0
DA:183,0
DA:184,0
DA:185,0
DA:186,0
LF:20
LH:15
BRDA:156,0,0,1
BRDA:156,0,1,0
BRDA:163,1,0,1
BRDA:163,1,1,0
BRDA:164,2,0,0
BRDA:164,2,1,1
BRDA:170,3,0,1
BRDA:170,3,1,1
BRDA:182,4,0,0
BRDA:183,5,0,0
BRDA:184,6,0,0
BRDA:185,7,0,0
BRDA:185,8,0,0
BRDA:185,8,1,0
BRF:14
BRH:5
end_of_record
TN:
SF:src\core\errors\errorFactories.ts
FN:24,(anonymous_0)
FN:27,(anonymous_1)
FN:30,(anonymous_2)
FN:33,(anonymous_3)
FN:36,(anonymous_4)
FN:39,(anonymous_5)
FN:47,(anonymous_6)
FN:50,(anonymous_7)
FN:53,(anonymous_8)
FN:56,(anonymous_9)
FN:59,(anonymous_10)
FN:62,(anonymous_11)
FN:65,(anonymous_12)
FN:68,(anonymous_13)
FN:71,(anonymous_14)
FN:74,(anonymous_15)
FN:77,(anonymous_16)
FN:80,(anonymous_17)
FN:83,(anonymous_18)
FN:86,(anonymous_19)
FN:89,(anonymous_20)
FN:92,(anonymous_21)
FN:95,(anonymous_22)
FN:103,(anonymous_23)
FN:111,(anonymous_24)
FN:114,(anonymous_25)
FN:117,(anonymous_26)
FN:120,(anonymous_27)
FN:128,(anonymous_28)
FN:131,(anonymous_29)
FN:138,createError
FN:156,(anonymous_31)
FNF:32
FNH:1
FNDA:0,(anonymous_0)
FNDA:0,(anonymous_1)
FNDA:0,(anonymous_2)
FNDA:0,(anonymous_3)
FNDA:0,(anonymous_4)
FNDA:0,(anonymous_5)
FNDA:0,(anonymous_6)
FNDA:0,(anonymous_7)
FNDA:0,(anonymous_8)
FNDA:0,(anonymous_9)
FNDA:0,(anonymous_10)
FNDA:0,(anonymous_11)
FNDA:0,(anonymous_12)
FNDA:0,(anonymous_13)
FNDA:0,(anonymous_14)
FNDA:1,(anonymous_15)
FNDA:0,(anonymous_16)
FNDA:0,(anonymous_17)
FNDA:0,(anonymous_18)
FNDA:0,(anonymous_19)
FNDA:0,(anonymous_20)
FNDA:0,(anonymous_21)
FNDA:0,(anonymous_22)
FNDA:0,(anonymous_23)
FNDA:0,(anonymous_24)
FNDA:0,(anonymous_25)
FNDA:0,(anonymous_26)
FNDA:0,(anonymous_27)
FNDA:0,(anonymous_28)
FNDA:0,(anonymous_29)
FNDA:0,createError
FNDA:0,(anonymous_31)
DA:6,1
DA:23,1
DA:25,0
DA:28,0
DA:31,0
DA:34,0
DA:37,0
DA:40,0
DA:46,1
DA:48,0
DA:51,0
DA:54,0
DA:57,0
DA:60,0
DA:63,0
DA:66,0
DA:69,0
DA:72,0
DA:75,1
DA:78,0
DA:81,0
DA:84,0
DA:87,0
DA:90,0
DA:93,0
DA:96,0
DA:102,1
DA:104,0
DA:110,1
DA:112,0
DA:115,0
DA:118,0
DA:121,0
DA:127,1
DA:129,0
DA:132,0
DA:138,1
DA:139,0
DA:141,0
DA:142,0
DA:143,0
DA:144,0
DA:145,0
DA:146,0
DA:147,0
DA:148,0
DA:150,0
DA:155,1
DA:156,1
LF:49
LH:10
BRDA:141,0,0,0
BRDA:141,0,1,0
BRDA:143,1,0,0
BRDA:143,1,1,0
BRDA:145,2,0,0
BRDA:145,2,1,0
BRDA:147,3,0,0
BRDA:147,3,1,0
BRF:8
BRH:0
end_of_record
TN:
SF:src\core\errors\index.ts
FN:33,(anonymous_0)
FN:56,(anonymous_1)
FN:77,(anonymous_2)
FN:86,(anonymous_3)
FN:95,(anonymous_4)
FN:104,(anonymous_5)
FN:113,(anonymous_6)
FN:122,(anonymous_7)
FN:131,(anonymous_8)
FN:140,(anonymous_9)
FN:148,isMongoRESTError
FN:155,wrapError
FN:174,toErrorResponse
FN:188,(anonymous_13)
FN:188,(anonymous_14)
FN:188,(anonymous_15)
FN:188,(anonymous_16)
FN:188,(anonymous_17)
FNF:18
FNH:3
FNDA:1,(anonymous_0)
FNDA:0,(anonymous_1)
FNDA:0,(anonymous_2)
FNDA:0,(anonymous_3)
FNDA:0,(anonymous_4)
FNDA:0,(anonymous_5)
FNDA:0,(anonymous_6)
FNDA:0,(anonymous_7)
FNDA:1,(anonymous_8)
FNDA:0,(anonymous_9)
FNDA:0,isMongoRESTError
FNDA:0,wrapError
FNDA:0,toErrorResponse
FNDA:1,(anonymous_13)
FNDA:0,(anonymous_14)
FNDA:0,(anonymous_15)
FNDA:0,(anonymous_16)
FNDA:0,(anonymous_17)
DA:5,1
DA:27,1
DA:38,1
DA:39,1
DA:41,1
DA:42,1
DA:43,1
DA:44,1
DA:45,1
DA:48,1
DA:49,1
DA:57,0
DA:76,1
DA:78,0
DA:85,1
DA:87,0
DA:94,1
DA:96,0
DA:103,1
DA:105,0
DA:112,1
DA:114,0
DA:121,1
DA:123,0
DA:130,1
DA:132,1
DA:139,1
DA:141,0
DA:148,1
DA:149,0
DA:155,1
DA:156,0
DA:157,0
DA:160,0
DA:161,0
DA:168,0
DA:174,1
DA:179,0
DA:180,0
DA:183,0
DA:184,0
DA:188,2
LF:42
LH:24
BRDA:34,0,0,0
BRDA:38,1,0,1
BRDA:38,1,1,1
BRDA:38,2,0,0
BRDA:38,2,1,1
BRDA:48,3,0,1
BRDA:56,4,0,0
BRDA:67,5,0,0
BRDA:67,5,1,0
BRDA:67,6,0,0
BRDA:67,6,1,0
BRDA:155,7,0,0
BRDA:156,8,0,0
BRDA:160,9,0,0
BRDA:176,10,0,0
BRDA:179,11,0,0
BRF:16
BRH:4
end_of_record
TN:
SF:src\core\main\newCore.ts
FN:25,(anonymous_0)
FN:38,(anonymous_1)
FN:58,(anonymous_2)
FN:114,(anonymous_3)
FN:121,(anonymous_4)
FN:131,(anonymous_5)
FN:142,(anonymous_6)
FN:151,(anonymous_7)
FN:158,(anonymous_8)
FN:177,(anonymous_9)
FN:186,(anonymous_10)
FN:198,(anonymous_11)
FN:209,(anonymous_12)
FN:248,(anonymous_13)
FN:255,(anonymous_14)
FN:262,(anonymous_15)
FN:319,(anonymous_16)
FN:390,(anonymous_17)
FN:462,(anonymous_18)
FN:522,(anonymous_19)
FN:579,(anonymous_20)
FN:590,(anonymous_21)
FNF:22
FNH:2
FNDA:1,(anonymous_0)
FNDA:0,(anonymous_1)
FNDA:0,(anonymous_2)
FNDA:0,(anonymous_3)
FNDA:0,(anonymous_4)
FNDA:0,(anonymous_5)
FNDA:0,(anonymous_6)
FNDA:0,(anonymous_7)
FNDA:1,(anonymous_8)
FNDA:0,(anonymous_9)
FNDA:0,(anonymous_10)
FNDA:0,(anonymous_11)
FNDA:0,(anonymous_12)
FNDA:0,(anonymous_13)
FNDA:0,(anonymous_14)
FNDA:0,(anonymous_15)
FNDA:0,(anonymous_16)
FNDA:0,(anonymous_17)
FNDA:0,(anonymous_18)
FNDA:0,(anonymous_19)
FNDA:0,(anonymous_20)
FNDA:0,(anonymous_21)
DA:2,1
DA:8,1
DA:10,1
DA:11,1
DA:12,1
DA:19,1
DA:29,1
DA:30,1
DA:31,1
DA:32,1
DA:35,1
DA:45,0
DA:52,0
DA:70,0
DA:76,0
DA:79,0
DA:84,0
DA:87,0
DA:88,0
DA:89,0
DA:93,0
DA:96,0
DA:100,0
DA:101,0
DA:103,0
DA:107,0
DA:108,0
DA:115,0
DA:122,0
DA:123,0
DA:125,0
DA:135,0
DA:136,0
DA:143,0
DA:144,0
DA:152,0
DA:162,1
DA:167,1
DA:168,1
DA:171,0
DA:178,0
DA:180,0
DA:190,0
DA:191,0
DA:194,0
DA:195,0
DA:198,0
DA:199,0
DA:202,0
DA:204,0
DA:205,0
DA:208,0
DA:209,0
DA:212,0
DA:213,0
DA:222,0
DA:225,0
DA:226,0
DA:227,0
DA:228,0
DA:229,0
DA:230,0
DA:231,0
DA:232,0
DA:233,0
DA:239,0
DA:240,0
DA:249,0
DA:256,0
DA:270,0
DA:271,0
DA:274,0
DA:277,0
DA:292,0
DA:296,0
DA:297,0
DA:299,0
DA:304,0
DA:307,0
DA:313,0
DA:328,0
DA:329,0
DA:333,0
DA:336,0
DA:357,0
DA:361,0
DA:362,0
DA:364,0
DA:369,0
DA:372,0
DA:373,0
DA:378,0
DA:380,0
DA:381,0
DA:384,0
DA:399,0
DA:400,0
DA:404,0
DA:407,0
DA:431,0
DA:435,0
DA:436,0
DA:438,0
DA:443,0
DA:446,0
DA:452,0
DA:453,0
DA:456,0
DA:470,0
DA:471,0
DA:475,0
DA:478,0
DA:499,0
DA:503,0
DA:504,0
DA:506,0
DA:510,0
DA:516,0
DA:530,0
DA:531,0
DA:535,0
DA:537,0
DA:558,0
DA:562,0
DA:563,0
DA:565,0
DA:570,0
DA:576,0
DA:586,0
DA:587,0
DA:596,0
DA:597,0
DA:600,0
DA:601,0
DA:604,0
DA:605,0
DA:607,0
DA:608,0
DA:610,0
DA:611,0
LF:140
LH:14
BRDA:32,0,0,1
BRDA:32,0,1,1
BRDA:42,1,0,0
BRDA:62,2,0,0
BRDA:88,3,0,0
BRDA:96,4,0,0
BRDA:97,5,0,0
BRDA:97,5,1,0
BRDA:122,6,0,0
BRDA:143,7,0,0
BRDA:167,8,0,1
BRDA:178,9,0,0
BRDA:178,10,0,0
BRDA:178,10,1,0
BRDA:190,11,0,0
BRDA:194,12,0,0
BRDA:199,13,0,0
BRDA:199,14,0,0
BRDA:199,14,1,0
BRDA:204,15,0,0
BRDA:212,16,0,0
BRDA:225,17,0,0
BRDA:225,17,1,0
BRDA:227,18,0,0
BRDA:227,18,1,0
BRDA:229,19,0,0
BRDA:229,19,1,0
BRDA:231,20,0,0
BRDA:239,21,0,0
BRDA:239,22,0,0
BRDA:239,22,1,0
BRDA:266,23,0,0
BRDA:270,24,0,0
BRDA:292,25,0,0
BRDA:293,26,0,0
BRDA:293,26,1,0
BRDA:324,27,0,0
BRDA:328,28,0,0
BRDA:357,29,0,0
BRDA:358,30,0,0
BRDA:358,30,1,0
BRDA:380,31,0,0
BRDA:380,32,0,0
BRDA:380,32,1,0
BRDA:395,33,0,0
BRDA:399,34,0,0
BRDA:431,35,0,0
BRDA:432,36,0,0
BRDA:432,36,1,0
BRDA:452,37,0,0
BRDA:452,38,0,0
BRDA:452,38,1,0
BRDA:466,39,0,0
BRDA:470,40,0,0
BRDA:499,41,0,0
BRDA:500,42,0,0
BRDA:500,42,1,0
BRDA:516,43,0,0
BRDA:516,43,1,0
BRDA:526,44,0,0
BRDA:530,45,0,0
BRDA:558,46,0,0
BRDA:559,47,0,0
BRDA:559,47,1,0
BRDA:576,48,0,0
BRDA:576,48,1,0
BRDA:576,49,0,0
BRDA:576,49,1,0
BRDA:583,50,0,0
BRDA:594,51,0,0
BRDA:596,52,0,0
BRDA:600,53,0,0
BRDA:600,54,0,0
BRDA:600,54,1,0
BRDA:604,55,0,0
BRDA:607,56,0,0
BRF:76
BRH:3
end_of_record
TN:
SF:src\core\rbac\rbac-validator.ts
FN:15,(anonymous_9)
FN:19,(anonymous_10)
FN:26,(anonymous_11)
FN:30,(anonymous_12)
FN:31,(anonymous_13)
FN:34,(anonymous_14)
FN:35,(anonymous_15)
FN:43,(anonymous_16)
FN:48,(anonymous_17)
FN:54,(anonymous_18)
FN:64,(anonymous_19)
FN:66,(anonymous_20)
FN:71,(anonymous_21)
FN:88,(anonymous_22)
FN:95,(anonymous_23)
FN:99,(anonymous_24)
FN:111,(anonymous_25)
FN:114,(anonymous_26)
FN:120,(anonymous_27)
FN:132,(anonymous_28)
FN:133,(anonymous_29)
FN:135,(anonymous_30)
FN:135,(anonymous_31)
FN:144,(anonymous_32)
FN:169,(anonymous_33)
FN:193,(anonymous_34)
FN:197,(anonymous_35)
FNF:27
FNH:2
FNDA:1,(anonymous_9)
FNDA:2,(anonymous_10)
FNDA:0,(anonymous_11)
FNDA:0,(anonymous_12)
FNDA:0,(anonymous_13)
FNDA:0,(anonymous_14)
FNDA:0,(anonymous_15)
FNDA:0,(anonymous_16)
FNDA:0,(anonymous_17)
FNDA:0,(anonymous_18)
FNDA:0,(anonymous_19)
FNDA:0,(anonymous_20)
FNDA:0,(anonymous_21)
FNDA:0,(anonymous_22)
FNDA:0,(anonymous_23)
FNDA:0,(anonymous_24)
FNDA:0,(anonymous_25)
FNDA:0,(anonymous_26)
FNDA:0,(anonymous_27)
FNDA:0,(anonymous_28)
FNDA:0,(anonymous_29)
FNDA:0,(anonymous_30)
FNDA:0,(anonymous_31)
FNDA:0,(anonymous_32)
FNDA:0,(anonymous_33)
FNDA:0,(anonymous_34)
FNDA:0,(anonymous_35)
DA:7,1
DA:8,1
DA:9,1
DA:12,1
DA:16,1
DA:21,2
DA:22,2
DA:23,2
DA:27,0
DA:31,0
DA:35,0
DA:37,0
DA:38,0
DA:41,0
DA:43,0
DA:44,0
DA:50,0
DA:51,0
DA:54,0
DA:56,0
DA:57,0
DA:60,0
DA:62,0
DA:64,0
DA:65,0
DA:66,0
DA:67,0
DA:68,0
DA:71,0
DA:72,0
DA:74,0
DA:76,0
DA:77,0
DA:79,0
DA:80,0
DA:88,0
DA:89,0
DA:95,0
DA:97,0
DA:99,0
DA:100,0
DA:101,0
DA:102,0
DA:104,0
DA:105,0
DA:108,0
DA:109,0
DA:111,0
DA:120,0
DA:122,0
DA:123,0
DA:126,0
DA:128,0
DA:129,0
DA:132,0
DA:133,0
DA:134,0
DA:135,0
DA:138,0
DA:139,0
DA:141,0
DA:145,0
DA:147,0
DA:148,0
DA:149,0
DA:151,0
DA:152,0
DA:153,0
DA:155,0
DA:156,0
DA:158,0
DA:159,0
DA:161,0
DA:166,0
DA:170,0
DA:172,0
DA:173,0
DA:174,0
DA:176,0
DA:178,0
DA:179,0
DA:181,0
DA:183,0
DA:184,0
DA:190,0
DA:198,0
DA:199,0
DA:202,0
DA:204,0
LF:89
LH:8
BRDA:37,0,0,0
BRDA:41,1,0,0
BRDA:41,1,1,0
BRDA:41,2,0,0
BRDA:41,2,1,0
BRDA:48,3,0,0
BRDA:48,4,0,0
BRDA:50,5,0,0
BRDA:56,6,0,0
BRDA:60,7,0,0
BRDA:60,7,1,0
BRDA:60,8,0,0
BRDA:60,8,1,0
BRDA:65,9,0,0
BRDA:67,10,0,0
BRDA:76,11,0,0
BRDA:76,11,1,0
BRDA:77,12,0,0
BRDA:77,12,1,0
BRDA:85,13,0,0
BRDA:85,13,1,0
BRDA:86,14,0,0
BRDA:86,14,1,0
BRDA:88,15,0,0
BRDA:88,15,1,0
BRDA:100,16,0,0
BRDA:104,17,0,0
BRDA:104,17,1,0
BRDA:111,18,0,0
BRDA:111,18,1,0
BRDA:122,19,0,0
BRDA:126,20,0,0
BRDA:126,20,1,0
BRDA:126,21,0,0
BRDA:126,21,1,0
BRDA:128,22,0,0
BRDA:128,23,0,0
BRDA:128,23,1,0
BRDA:128,23,2,0
BRDA:134,24,0,0
BRDA:134,24,1,0
BRDA:135,25,0,0
BRDA:135,25,1,0
BRDA:138,26,0,0
BRDA:155,27,0,0
BRDA:155,27,1,0
BRDA:158,28,0,0
BRDA:158,29,0,0
BRDA:158,29,1,0
BRDA:173,30,0,0
BRDA:176,31,0,0
BRDA:176,31,1,0
BRDA:178,32,0,0
BRDA:181,33,0,0
BRDA:181,34,0,0
BRDA:181,34,1,0
BRDA:183,35,0,0
BRDA:183,36,0,0
BRDA:183,36,1,0
BRDA:183,36,2,0
BRDA:198,37,0,0
BRF:61
BRH:0
end_of_record
